2025-07-08 07:56:46 [DEBUG]: Logging initialized at debug level {
  "service": "expense-tracker"
}
2025-07-08 07:56:46 [INFO]: Server running in development mode on port 5000 {
  "service": "expense-tracker"
}
2025-07-08 07:56:55 [HTTP]: GET /api/v1/settings [33m401[0m 1.261ms - {
  "service": "expense-tracker"
}
2025-07-08 07:56:55 [HTTP]: GET /api/v1/settings [33m401[0m 0.327ms - {
  "service": "expense-tracker"
}
2025-07-08 07:58:39 [DEBUG]: Logging initialized at debug level {
  "service": "expense-tracker"
}
2025-07-08 07:58:39 [INFO]: Server running in development mode on port 5000 {
  "service": "expense-tracker"
}
2025-07-08 07:58:49 [HTTP]: GET /api/v1/settings [33m401[0m 1.262ms - {
  "service": "expense-tracker"
}
2025-07-08 07:58:49 [HTTP]: GET /api/v1/settings [33m401[0m 0.283ms - {
  "service": "expense-tracker"
}
2025-07-08 08:00:36 [ERROR]: Error encountered {
  "errorName": "Error",
  "errorMessage": "Invalid credentials",
  "path": "/api/v1/auth/login",
  "method": "POST",
  "ip": "::1",
  "stack": "Error: Invalid credentials\n    at file:///Users/masynctech/Desktop/NEW%20PROJECTS/Marcel-Expenses-Project/Marcel-Expense-Project/backend/src/controllers/auth.js:49:11\n    at process.processTicksAndRejections (node:internal/process/task_queues:95:5)",
  "body": "(request body present)",
  "service": "expense-tracker"
}
2025-07-08 08:00:36 [HTTP]: POST /api/v1/auth/login [33m401[0m 34.359ms {"email":"eadmin@example.com","password":"[REDACTED]"} {
  "service": "expense-tracker"
}
2025-07-08 08:00:36 [HTTP]: GET /api/v1/settings [33m401[0m 0.387ms - {
  "service": "expense-tracker"
}
2025-07-08 08:00:36 [HTTP]: GET /api/v1/settings [33m401[0m 0.476ms - {
  "service": "expense-tracker"
}
2025-07-08 08:06:47 [HTTP]: POST /api/v1/auth/login [32m200[0m 127.972ms {"email":"marcel.hess.ch@outlook.com","password":"[REDACTED]"} {
  "service": "expense-tracker"
}
2025-07-08 08:06:47 [HTTP]: GET /api/v1/settings [32m200[0m 14.553ms - {
  "service": "expense-tracker"
}
2025-07-08 08:06:47 [HTTP]: GET /api/v1/settings [32m304[0m 5.970ms - {
  "service": "expense-tracker"
}
2025-07-08 08:06:48 [HTTP]: GET /api/v1/analytics/dashboard [32m200[0m 130.796ms - {
  "service": "expense-tracker"
}
2025-07-08 08:06:48 [HTTP]: GET /api/v1/analytics/dashboard [32m304[0m 25.575ms - {
  "service": "expense-tracker"
}
2025-07-08 08:08:09 [HTTP]: GET /api/v1/settings [32m304[0m 89.170ms - {
  "service": "expense-tracker"
}
2025-07-08 08:08:09 [ERROR]: Error encountered {
  "errorName": "Error",
  "errorMessage": "Setting not found with key of accommodationAllowance",
  "path": "/api/v1/settings/key/accommodationAllowance",
  "method": "GET",
  "ip": "::1",
  "stack": "Error: Setting not found with key of accommodationAllowance\n    at file:///Users/masynctech/Desktop/NEW%20PROJECTS/Marcel-Expenses-Project/Marcel-Expense-Project/backend/src/controllers/settings.js:136:7\n    at process.processTicksAndRejections (node:internal/process/task_queues:95:5)",
  "body": "(no request body)",
  "service": "expense-tracker"
}
2025-07-08 08:08:09 [HTTP]: GET /api/v1/settings/key/accommodationAllowance [33m404[0m 56.057ms - {
  "service": "expense-tracker"
}
2025-07-08 08:08:09 [HTTP]: GET /api/v1/settings/key/costPerKilometer [32m200[0m 61.323ms - {
  "service": "expense-tracker"
}
2025-07-08 08:08:09 [HTTP]: GET /api/v1/settings/key/cateringAllowance [32m200[0m 61.825ms - {
  "service": "expense-tracker"
}
2025-07-08 08:08:09 [HTTP]: GET /api/v1/settings [32m304[0m 9.814ms - {
  "service": "expense-tracker"
}
2025-07-08 08:08:09 [ERROR]: Error encountered {
  "errorName": "Error",
  "errorMessage": "Setting not found with key of accommodationAllowance",
  "path": "/api/v1/settings/key/accommodationAllowance",
  "method": "GET",
  "ip": "::1",
  "stack": "Error: Setting not found with key of accommodationAllowance\n    at file:///Users/masynctech/Desktop/NEW%20PROJECTS/Marcel-Expenses-Project/Marcel-Expense-Project/backend/src/controllers/settings.js:136:7\n    at process.processTicksAndRejections (node:internal/process/task_queues:95:5)",
  "body": "(no request body)",
  "service": "expense-tracker"
}
2025-07-08 08:08:09 [HTTP]: GET /api/v1/settings/key/accommodationAllowance [33m404[0m 9.655ms - {
  "service": "expense-tracker"
}
2025-07-08 08:08:09 [HTTP]: GET /api/v1/settings/key/costPerKilometer [32m304[0m 9.136ms - {
  "service": "expense-tracker"
}
2025-07-08 08:08:09 [HTTP]: GET /api/v1/settings/key/cateringAllowance [32m304[0m 8.319ms - {
  "service": "expense-tracker"
}
2025-07-08 08:08:12 [HTTP]: GET /api/v1/analytics/dashboard [32m304[0m 101.265ms - {
  "service": "expense-tracker"
}
2025-07-08 08:08:12 [HTTP]: GET /api/v1/analytics/dashboard [32m304[0m 27.150ms - {
  "service": "expense-tracker"
}
2025-07-08 08:11:34 [HTTP]: GET /api/v1/categories [32m200[0m 93.256ms - {
  "service": "expense-tracker"
}
2025-07-08 08:11:34 [HTTP]: GET /api/v1/expenses?page=1&limit=10&sort=-createdAt [32m200[0m 75.172ms - {
  "service": "expense-tracker"
}
2025-07-08 08:11:34 [HTTP]: GET /api/v1/categories [32m304[0m 6.926ms - {
  "service": "expense-tracker"
}
2025-07-08 08:11:34 [HTTP]: GET /api/v1/categories [32m304[0m 21.938ms - {
  "service": "expense-tracker"
}
2025-07-08 08:11:34 [HTTP]: GET /api/v1/expenses?page=1&limit=10&sort=-createdAt [32m304[0m 36.839ms - {
  "service": "expense-tracker"
}
2025-07-08 08:12:33 [HTTP]: GET /api/v1/users [32m200[0m 19.464ms - {
  "service": "expense-tracker"
}
2025-07-08 08:12:33 [HTTP]: GET /api/v1/users [32m304[0m 4.485ms - {
  "service": "expense-tracker"
}
2025-07-08 08:14:10 [HTTP]: GET /api/v1/analytics/dashboard [32m304[0m 80.130ms - {
  "service": "expense-tracker"
}
2025-07-08 08:14:10 [HTTP]: GET /api/v1/analytics/dashboard [32m304[0m 33.165ms - {
  "service": "expense-tracker"
}
2025-07-08 08:18:48 [HTTP]: GET /api/v1/settings [32m304[0m 32.166ms - {
  "service": "expense-tracker"
}
2025-07-08 08:18:48 [HTTP]: GET /api/v1/settings [32m304[0m 3.572ms - {
  "service": "expense-tracker"
}
2025-07-08 08:18:49 [HTTP]: GET /api/v1/analytics/dashboard [32m304[0m 85.729ms - {
  "service": "expense-tracker"
}
2025-07-08 08:18:49 [HTTP]: GET /api/v1/analytics/dashboard [32m304[0m 21.827ms - {
  "service": "expense-tracker"
}
2025-07-08 08:19:04 [HTTP]: GET /api/v1/categories [32m304[0m 16.115ms - {
  "service": "expense-tracker"
}
2025-07-08 08:19:04 [HTTP]: GET /api/v1/expenses?page=1&limit=10&sort=-createdAt [32m304[0m 27.294ms - {
  "service": "expense-tracker"
}
2025-07-08 08:19:04 [HTTP]: GET /api/v1/categories [32m304[0m 11.987ms - {
  "service": "expense-tracker"
}
2025-07-08 08:19:04 [HTTP]: GET /api/v1/expenses?page=1&limit=10&sort=-createdAt [32m304[0m 19.267ms - {
  "service": "expense-tracker"
}
2025-07-08 08:19:04 [HTTP]: GET /api/v1/categories [32m304[0m 15.130ms - {
  "service": "expense-tracker"
}
2025-07-08 08:20:04 [HTTP]: GET /api/v1/analytics/dashboard [32m304[0m 38.964ms - {
  "service": "expense-tracker"
}
2025-07-08 08:20:04 [HTTP]: GET /api/v1/analytics/dashboard [32m304[0m 23.633ms - {
  "service": "expense-tracker"
}
2025-07-08 08:21:29 [ERROR]: Error encountered {
  "errorName": "Error",
  "errorMessage": "Setting not found with key of accommodationAllowance",
  "path": "/api/v1/settings/key/accommodationAllowance",
  "method": "GET",
  "ip": "::1",
  "stack": "Error: Setting not found with key of accommodationAllowance\n    at file:///Users/masynctech/Desktop/NEW%20PROJECTS/Marcel-Expenses-Project/Marcel-Expense-Project/backend/src/controllers/settings.js:136:7\n    at process.processTicksAndRejections (node:internal/process/task_queues:95:5)",
  "body": "(no request body)",
  "service": "expense-tracker"
}
2025-07-08 08:21:29 [HTTP]: GET /api/v1/settings/key/accommodationAllowance [33m404[0m 13.574ms - {
  "service": "expense-tracker"
}
2025-07-08 08:21:29 [HTTP]: GET /api/v1/settings/key/costPerKilometer [32m304[0m 11.501ms - {
  "service": "expense-tracker"
}
2025-07-08 08:21:29 [HTTP]: GET /api/v1/settings [32m304[0m 13.898ms - {
  "service": "expense-tracker"
}
2025-07-08 08:21:29 [HTTP]: GET /api/v1/settings/key/cateringAllowance [32m304[0m 12.838ms - {
  "service": "expense-tracker"
}
2025-07-08 08:21:29 [ERROR]: Error encountered {
  "errorName": "Error",
  "errorMessage": "Setting not found with key of accommodationAllowance",
  "path": "/api/v1/settings/key/accommodationAllowance",
  "method": "GET",
  "ip": "::1",
  "stack": "Error: Setting not found with key of accommodationAllowance\n    at file:///Users/masynctech/Desktop/NEW%20PROJECTS/Marcel-Expenses-Project/Marcel-Expense-Project/backend/src/controllers/settings.js:136:7\n    at process.processTicksAndRejections (node:internal/process/task_queues:95:5)",
  "body": "(no request body)",
  "service": "expense-tracker"
}
2025-07-08 08:21:30 [HTTP]: GET /api/v1/settings/key/accommodationAllowance [33m404[0m 26.435ms - {
  "service": "expense-tracker"
}
2025-07-08 08:21:30 [HTTP]: GET /api/v1/settings/key/costPerKilometer [32m304[0m 59.646ms - {
  "service": "expense-tracker"
}
2025-07-08 08:21:30 [HTTP]: GET /api/v1/settings [32m304[0m 59.693ms - {
  "service": "expense-tracker"
}
2025-07-08 08:21:30 [HTTP]: GET /api/v1/settings/key/cateringAllowance [32m304[0m 9.511ms - {
  "service": "expense-tracker"
}
2025-07-08 08:21:32 [HTTP]: GET /api/v1/analytics/dashboard [32m304[0m 32.849ms - {
  "service": "expense-tracker"
}
2025-07-08 08:21:32 [HTTP]: GET /api/v1/analytics/dashboard [32m304[0m 39.770ms - {
  "service": "expense-tracker"
}
2025-07-08 08:29:26 [HTTP]: GET /api/v1/settings [32m304[0m 84.645ms - {
  "service": "expense-tracker"
}
2025-07-08 08:29:26 [HTTP]: GET /api/v1/settings [32m304[0m 9.472ms - {
  "service": "expense-tracker"
}
2025-07-08 08:29:27 [HTTP]: GET /api/v1/analytics/dashboard [32m304[0m 121.970ms - {
  "service": "expense-tracker"
}
2025-07-08 08:29:27 [HTTP]: GET /api/v1/analytics/dashboard [32m304[0m 32.288ms - {
  "service": "expense-tracker"
}
2025-07-08 08:39:26 [HTTP]: GET /api/v1/users [32m304[0m 81.533ms - {
  "service": "expense-tracker"
}
2025-07-08 08:39:26 [HTTP]: GET /api/v1/users [32m304[0m 6.526ms - {
  "service": "expense-tracker"
}
2025-07-08 08:39:46 [HTTP]: GET /api/v1/analytics/dashboard [32m304[0m 107.984ms - {
  "service": "expense-tracker"
}
2025-07-08 08:39:46 [HTTP]: GET /api/v1/analytics/dashboard [32m304[0m 53.404ms - {
  "service": "expense-tracker"
}
2025-07-08 08:40:26 [HTTP]: GET /api/v1/users [32m304[0m 34.985ms - {
  "service": "expense-tracker"
}
2025-07-08 08:40:26 [HTTP]: GET /api/v1/users [32m304[0m 11.893ms - {
  "service": "expense-tracker"
}
2025-07-08 08:40:36 [HTTP]: GET /api/v1/analytics/dashboard [32m304[0m 80.306ms - {
  "service": "expense-tracker"
}
2025-07-08 08:40:36 [HTTP]: GET /api/v1/analytics/dashboard [32m304[0m 41.864ms - {
  "service": "expense-tracker"
}
2025-07-08 08:41:30 [HTTP]: GET /api/v1/categories [32m304[0m 31.380ms - {
  "service": "expense-tracker"
}
2025-07-08 08:41:30 [HTTP]: GET /api/v1/expenses?page=1&limit=10&sort=-createdAt [32m304[0m 34.467ms - {
  "service": "expense-tracker"
}
2025-07-08 08:41:30 [HTTP]: GET /api/v1/categories [32m304[0m 12.582ms - {
  "service": "expense-tracker"
}
2025-07-08 08:41:30 [HTTP]: GET /api/v1/expenses?page=1&limit=10&sort=-createdAt [32m304[0m 36.550ms - {
  "service": "expense-tracker"
}
2025-07-08 08:41:30 [HTTP]: GET /api/v1/categories [32m304[0m 27.587ms - {
  "service": "expense-tracker"
}
2025-07-08 08:42:35 [DEBUG]: Logging initialized at debug level {
  "service": "expense-tracker"
}
2025-07-08 08:42:35 [INFO]: Server running in development mode on port 5000 {
  "service": "expense-tracker"
}
2025-07-08 08:42:43 [DEBUG]: Logging initialized at debug level {
  "service": "expense-tracker"
}
2025-07-08 08:42:44 [INFO]: Server running in development mode on port 5000 {
  "service": "expense-tracker"
}
2025-07-08 08:42:50 [DEBUG]: Logging initialized at debug level {
  "service": "expense-tracker"
}
2025-07-08 08:42:50 [INFO]: Server running in development mode on port 5000 {
  "service": "expense-tracker"
}
2025-07-08 08:44:22 [HTTP]: GET /api/v1/analytics/dashboard [32m200[0m 140.820ms - {
  "service": "expense-tracker"
}
2025-07-08 08:44:22 [HTTP]: GET /api/v1/analytics/dashboard [32m304[0m 26.049ms - {
  "service": "expense-tracker"
}
2025-07-08 08:44:42 [HTTP]: GET /api/v1/categories [32m304[0m 25.763ms - {
  "service": "expense-tracker"
}
2025-07-08 08:44:42 [HTTP]: GET /api/v1/expenses?page=1&limit=10&sort=-createdAt [32m304[0m 30.949ms - {
  "service": "expense-tracker"
}
2025-07-08 08:44:42 [HTTP]: GET /api/v1/categories [32m304[0m 11.287ms - {
  "service": "expense-tracker"
}
2025-07-08 08:44:42 [HTTP]: GET /api/v1/expenses?page=1&limit=10&sort=-createdAt [32m304[0m 29.362ms - {
  "service": "expense-tracker"
}
2025-07-08 08:44:42 [HTTP]: GET /api/v1/categories [32m304[0m 20.514ms - {
  "service": "expense-tracker"
}
2025-07-08 08:51:00 [HTTP]: GET /api/v1/settings [32m304[0m 18.864ms - {
  "service": "expense-tracker"
}
2025-07-08 08:51:00 [HTTP]: GET /api/v1/settings [32m304[0m 3.223ms - {
  "service": "expense-tracker"
}
2025-07-08 08:51:00 [HTTP]: GET /api/v1/categories [32m304[0m 47.312ms - {
  "service": "expense-tracker"
}
2025-07-08 08:51:00 [HTTP]: GET /api/v1/expenses?page=1&limit=10&sort=-createdAt [32m304[0m 77.881ms - {
  "service": "expense-tracker"
}
2025-07-08 08:51:00 [HTTP]: GET /api/v1/categories [32m304[0m 20.015ms - {
  "service": "expense-tracker"
}
2025-07-08 08:51:00 [HTTP]: GET /api/v1/expenses?page=1&limit=10&sort=-createdAt [32m304[0m 44.394ms - {
  "service": "expense-tracker"
}
2025-07-08 08:51:00 [HTTP]: GET /api/v1/categories [32m304[0m 32.327ms - {
  "service": "expense-tracker"
}
2025-07-08 08:51:39 [HTTP]: GET /api/v1/users [32m304[0m 15.699ms - {
  "service": "expense-tracker"
}
2025-07-08 08:51:39 [HTTP]: GET /api/v1/users [32m304[0m 4.260ms - {
  "service": "expense-tracker"
}
2025-07-08 08:52:53 [HTTP]: GET /api/v1/categories?isActive=true [32m200[0m 100.643ms - {
  "service": "expense-tracker"
}
2025-07-08 08:52:53 [HTTP]: GET /api/v1/categories?page=1&limit=10&sort=name&includeExpenseCounts=true [32m200[0m 112.768ms - {
  "service": "expense-tracker"
}
2025-07-08 08:52:53 [HTTP]: GET /api/v1/categories?isActive=true [32m304[0m 16.918ms - {
  "service": "expense-tracker"
}
2025-07-08 08:52:53 [HTTP]: GET /api/v1/categories?page=1&limit=10&sort=name&includeExpenseCounts=true [32m304[0m 47.530ms - {
  "service": "expense-tracker"
}
2025-07-08 08:52:53 [HTTP]: GET /api/v1/expenses?categoryId=67e6e79d985443d91678cc8f [32m200[0m 52.071ms - {
  "service": "expense-tracker"
}
2025-07-08 08:52:53 [HTTP]: GET /api/v1/expenses?categoryId=67f1364a2daeb01c0671a810 [32m200[0m 53.005ms - {
  "service": "expense-tracker"
}
2025-07-08 08:52:53 [HTTP]: GET /api/v1/expenses?categoryId=67e71612fc44942026779246 [32m200[0m 66.897ms - {
  "service": "expense-tracker"
}
2025-07-08 08:53:15 [HTTP]: GET /api/v1/budgets?year=2025 [32m200[0m 33.699ms - {
  "service": "expense-tracker"
}
2025-07-08 08:53:15 [HTTP]: GET /api/v1/budgets?year=2025 [32m304[0m 12.342ms - {
  "service": "expense-tracker"
}
2025-07-08 08:53:23 [HTTP]: GET /api/v1/budgets?page=1&limit=10 [32m200[0m 20.549ms - {
  "service": "expense-tracker"
}
2025-07-08 08:53:23 [HTTP]: GET /api/v1/budgets?page=1&limit=10 [32m304[0m 12.028ms - {
  "service": "expense-tracker"
}
2025-07-08 08:53:38 [HTTP]: GET /api/v1/budgets/67e71f36701371676a7d7320 [32m200[0m 12.559ms - {
  "service": "expense-tracker"
}
2025-07-08 08:53:38 [HTTP]: GET /api/v1/budgets/67e71f36701371676a7d7320 [32m304[0m 4.719ms - {
  "service": "expense-tracker"
}
2025-07-08 08:53:40 [HTTP]: GET /api/v1/budgets?page=1&limit=10 [32m304[0m 20.114ms - {
  "service": "expense-tracker"
}
2025-07-08 08:53:40 [HTTP]: GET /api/v1/budgets?page=1&limit=10 [32m304[0m 14.783ms - {
  "service": "expense-tracker"
}
2025-07-08 08:54:04 [HTTP]: GET /api/v1/users [32m304[0m 14.627ms - {
  "service": "expense-tracker"
}
2025-07-08 08:54:04 [HTTP]: GET /api/v1/users [32m304[0m 21.821ms - {
  "service": "expense-tracker"
}
2025-07-08 09:01:21 [HTTP]: GET /api/v1/budgets?year=2025 [32m304[0m 82.915ms - {
  "service": "expense-tracker"
}
2025-07-08 09:01:21 [HTTP]: GET /api/v1/budgets?year=2025 [32m304[0m 19.851ms - {
  "service": "expense-tracker"
}
2025-07-08 09:01:25 [HTTP]: GET /api/v1/categories [32m304[0m 12.654ms - {
  "service": "expense-tracker"
}
2025-07-08 09:01:25 [HTTP]: GET /api/v1/budgets?limit=5 [32m200[0m 26.652ms - {
  "service": "expense-tracker"
}
2025-07-08 09:01:25 [HTTP]: GET /api/v1/categories [32m304[0m 10.816ms - {
  "service": "expense-tracker"
}
2025-07-08 09:01:25 [HTTP]: GET /api/v1/budgets?limit=5 [32m304[0m 13.824ms - {
  "service": "expense-tracker"
}
2025-07-08 09:01:31 [HTTP]: GET /api/v1/budgets?page=1&limit=10 [32m304[0m 22.154ms - {
  "service": "expense-tracker"
}
2025-07-08 09:01:31 [HTTP]: GET /api/v1/budgets?page=1&limit=10 [32m304[0m 12.704ms - {
  "service": "expense-tracker"
}
2025-07-08 09:01:35 [HTTP]: GET /api/v1/budgets?year=2025 [32m304[0m 21.155ms - {
  "service": "expense-tracker"
}
2025-07-08 09:01:35 [HTTP]: GET /api/v1/budgets?year=2025 [32m304[0m 32.225ms - {
  "service": "expense-tracker"
}
2025-07-08 09:01:42 [HTTP]: GET /api/v1/categories?isActive=true [32m304[0m 11.092ms - {
  "service": "expense-tracker"
}
2025-07-08 09:01:42 [HTTP]: GET /api/v1/categories?isActive=true [32m304[0m 12.486ms - {
  "service": "expense-tracker"
}
2025-07-08 09:01:42 [HTTP]: GET /api/v1/categories?page=1&limit=10&sort=name&includeExpenseCounts=true [32m304[0m 42.269ms - {
  "service": "expense-tracker"
}
2025-07-08 09:01:42 [HTTP]: GET /api/v1/expenses?categoryId=67e6e79d985443d91678cc8f [32m304[0m 31.203ms - {
  "service": "expense-tracker"
}
2025-07-08 09:01:42 [HTTP]: GET /api/v1/expenses?categoryId=67f1364a2daeb01c0671a810 [32m304[0m 40.380ms - {
  "service": "expense-tracker"
}
2025-07-08 09:01:42 [HTTP]: GET /api/v1/categories?page=1&limit=10&sort=name&includeExpenseCounts=true [32m304[0m 17.633ms - {
  "service": "expense-tracker"
}
2025-07-08 09:01:42 [HTTP]: GET /api/v1/expenses?categoryId=67e71612fc44942026779246 [32m304[0m 56.072ms - {
  "service": "expense-tracker"
}
2025-07-08 09:02:07 [HTTP]: GET /api/v1/budgets?year=2025 [32m304[0m 24.995ms - {
  "service": "expense-tracker"
}
2025-07-08 09:02:07 [HTTP]: GET /api/v1/budgets?year=2025 [32m304[0m 19.930ms - {
  "service": "expense-tracker"
}
2025-07-08 09:02:09 [HTTP]: GET /api/v1/categories [32m304[0m 12.536ms - {
  "service": "expense-tracker"
}
2025-07-08 09:02:09 [HTTP]: GET /api/v1/budgets?limit=5 [32m304[0m 29.807ms - {
  "service": "expense-tracker"
}
2025-07-08 09:02:09 [HTTP]: GET /api/v1/categories [32m304[0m 7.915ms - {
  "service": "expense-tracker"
}
2025-07-08 09:02:09 [HTTP]: GET /api/v1/budgets?limit=5 [32m304[0m 10.388ms - {
  "service": "expense-tracker"
}
2025-07-08 09:02:10 [HTTP]: GET /api/v1/budgets?page=1&limit=10 [32m304[0m 21.987ms - {
  "service": "expense-tracker"
}
2025-07-08 09:02:10 [HTTP]: GET /api/v1/budgets?page=1&limit=10 [32m304[0m 13.249ms - {
  "service": "expense-tracker"
}
2025-07-08 09:06:34 [HTTP]: GET /api/v1/settings [32m304[0m 22.100ms - {
  "service": "expense-tracker"
}
2025-07-08 09:06:35 [HTTP]: GET /api/v1/settings [32m304[0m 29.358ms - {
  "service": "expense-tracker"
}
2025-07-08 09:06:35 [HTTP]: GET /api/v1/budgets?page=1&limit=10 [32m304[0m 110.954ms - {
  "service": "expense-tracker"
}
2025-07-08 09:06:35 [HTTP]: GET /api/v1/budgets?page=1&limit=10 [32m304[0m 23.692ms - {
  "service": "expense-tracker"
}
2025-07-08 09:09:53 [HTTP]: GET /api/v1/settings [32m304[0m 47.170ms - {
  "service": "expense-tracker"
}
2025-07-08 09:09:53 [HTTP]: GET /api/v1/settings [32m304[0m 2.452ms - {
  "service": "expense-tracker"
}
2025-07-08 09:09:53 [HTTP]: GET /api/v1/budgets?page=1&limit=10 [32m304[0m 111.009ms - {
  "service": "expense-tracker"
}
2025-07-08 09:09:53 [HTTP]: GET /api/v1/budgets?page=1&limit=10 [32m304[0m 15.468ms - {
  "service": "expense-tracker"
}
2025-07-08 09:10:37 [HTTP]: GET /api/v1/budgets?year=2025 [32m304[0m 18.361ms - {
  "service": "expense-tracker"
}
2025-07-08 09:10:37 [HTTP]: GET /api/v1/budgets?year=2025 [32m304[0m 14.395ms - {
  "service": "expense-tracker"
}
2025-07-08 09:10:39 [HTTP]: GET /api/v1/budgets?page=1&limit=10 [32m304[0m 20.476ms - {
  "service": "expense-tracker"
}
2025-07-08 09:10:39 [HTTP]: GET /api/v1/budgets?page=1&limit=10 [32m304[0m 12.594ms - {
  "service": "expense-tracker"
}
2025-07-08 09:11:06 [HTTP]: GET /api/v1/settings [32m304[0m 8.739ms - {
  "service": "expense-tracker"
}
2025-07-08 09:11:06 [HTTP]: GET /api/v1/settings [32m304[0m 8.988ms - {
  "service": "expense-tracker"
}
2025-07-08 09:11:06 [HTTP]: GET /api/v1/budgets?page=1&limit=10 [32m304[0m 36.261ms - {
  "service": "expense-tracker"
}
2025-07-08 09:11:06 [HTTP]: GET /api/v1/budgets?page=1&limit=10 [32m304[0m 17.442ms - {
  "service": "expense-tracker"
}
2025-07-08 09:12:24 [HTTP]: GET /api/v1/budgets?year=2025 [32m304[0m 20.255ms - {
  "service": "expense-tracker"
}
2025-07-08 09:12:24 [HTTP]: GET /api/v1/budgets?year=2025 [32m304[0m 32.120ms - {
  "service": "expense-tracker"
}
2025-07-08 09:12:26 [HTTP]: GET /api/v1/categories [32m304[0m 18.256ms - {
  "service": "expense-tracker"
}
2025-07-08 09:12:26 [HTTP]: GET /api/v1/budgets?limit=5 [32m304[0m 21.809ms - {
  "service": "expense-tracker"
}
2025-07-08 09:12:26 [HTTP]: GET /api/v1/categories [32m304[0m 6.606ms - {
  "service": "expense-tracker"
}
2025-07-08 09:12:26 [HTTP]: GET /api/v1/budgets?limit=5 [32m304[0m 11.638ms - {
  "service": "expense-tracker"
}
2025-07-08 09:12:28 [HTTP]: GET /api/v1/budgets?page=1&limit=10 [32m304[0m 19.227ms - {
  "service": "expense-tracker"
}
2025-07-08 09:12:28 [HTTP]: GET /api/v1/budgets?page=1&limit=10 [32m304[0m 13.691ms - {
  "service": "expense-tracker"
}
2025-07-08 09:13:31 [HTTP]: GET /api/v1/settings [32m304[0m 5.240ms - {
  "service": "expense-tracker"
}
2025-07-08 09:13:31 [HTTP]: GET /api/v1/settings [32m304[0m 2.973ms - {
  "service": "expense-tracker"
}
2025-07-08 09:15:15 [HTTP]: GET /api/v1/analytics/expenses/time-summary?periodType=month&year=2025 [32m200[0m 57.889ms - {
  "service": "expense-tracker"
}
2025-07-08 09:15:15 [HTTP]: GET /api/v1/analytics/expenses/time-summary?periodType=month&year=2025 [32m304[0m 3.838ms - {
  "service": "expense-tracker"
}
2025-07-08 09:15:17 [HTTP]: GET /api/v1/analytics/expenses/period-detail?periodType=month&periodValue=8&year=2023 [32m200[0m 7.757ms - {
  "service": "expense-tracker"
}
2025-07-08 09:15:17 [HTTP]: GET /api/v1/analytics/expenses/period-detail?periodType=month&periodValue=8&year=2023 [32m304[0m 4.483ms - {
  "service": "expense-tracker"
}
2025-07-08 09:15:21 [HTTP]: GET /api/v1/analytics/expenses/category-breakdown?startDate=2025-01-01&endDate=2025-12-31 [32m200[0m 12.063ms - {
  "service": "expense-tracker"
}
2025-07-08 09:15:21 [HTTP]: GET /api/v1/analytics/expenses/category-breakdown?startDate=2025-01-01&endDate=2025-12-31 [32m304[0m 3.692ms - {
  "service": "expense-tracker"
}
2025-07-08 09:15:26 [HTTP]: GET /api/v1/analytics/expenses/trends?periodType=month&months=6&targetYear=2025 [32m200[0m 8.142ms - {
  "service": "expense-tracker"
}
2025-07-08 09:15:26 [HTTP]: GET /api/v1/analytics/expenses/trends?periodType=month&months=6&targetYear=2025 [32m200[0m 4.687ms - {
  "service": "expense-tracker"
}
2025-07-08 09:15:27 [HTTP]: GET /api/v1/analytics/expenses/yearly-comparison?year1=2024&year2=2025 [32m200[0m 13.740ms - {
  "service": "expense-tracker"
}
2025-07-08 09:15:27 [HTTP]: GET /api/v1/analytics/expenses/yearly-comparison?year1=2024&year2=2025 [32m304[0m 3.987ms - {
  "service": "expense-tracker"
}
2025-07-08 09:15:56 [HTTP]: GET /api/v1/analytics/expenses/time-summary?periodType=month&year=2025 [32m304[0m 22.784ms - {
  "service": "expense-tracker"
}
2025-07-08 09:15:56 [HTTP]: GET /api/v1/analytics/expenses/time-summary?periodType=month&year=2025 [32m304[0m 3.656ms - {
  "service": "expense-tracker"
}
2025-07-08 09:16:24 [HTTP]: GET /api/v1/analytics/expenses/time-summary?periodType=month&year=2025 [32m304[0m 17.727ms - {
  "service": "expense-tracker"
}
2025-07-08 09:16:25 [HTTP]: GET /api/v1/budgets?page=1&limit=10 [32m304[0m 21.348ms - {
  "service": "expense-tracker"
}
2025-07-08 09:27:15 [HTTP]: GET /api/v1/settings [32m304[0m 46.710ms - {
  "service": "expense-tracker"
}
2025-07-08 09:27:15 [HTTP]: GET /api/v1/settings [32m304[0m 3.954ms - {
  "service": "expense-tracker"
}
2025-07-08 09:27:55 [HTTP]: GET /api/v1/categories [32m304[0m 78.495ms - {
  "service": "expense-tracker"
}
2025-07-08 09:27:55 [HTTP]: GET /api/v1/categories [32m304[0m 5.161ms - {
  "service": "expense-tracker"
}
2025-07-08 09:27:55 [HTTP]: GET /api/v1/advanced-reports/expenses?page=1&limit=10&sortBy=journeyDate&sortDirection=desc [32m200[0m 101.345ms - {
  "service": "expense-tracker"
}
2025-07-08 09:27:55 [HTTP]: GET /api/v1/advanced-reports/expenses?page=1&limit=10&sortBy=journeyDate&sortDirection=desc [32m304[0m 29.580ms - {
  "service": "expense-tracker"
}
2025-07-08 09:27:59 [HTTP]: GET /api/v1/advanced-reports/forecast?category=all&months=6&algorithm=linear [32m200[0m 35.680ms - {
  "service": "expense-tracker"
}
2025-07-08 09:27:59 [HTTP]: GET /api/v1/advanced-reports/forecast?category=all&months=6&algorithm=linear [32m304[0m 4.171ms - {
  "service": "expense-tracker"
}
2025-07-08 09:28:03 [HTTP]: GET /api/v1/advanced-reports/forecast?months=3&method=seasonal [32m200[0m 8.748ms - {
  "service": "expense-tracker"
}
2025-07-08 09:28:03 [HTTP]: GET /api/v1/advanced-reports/forecast?months=3&method=seasonal [32m304[0m 3.901ms - {
  "service": "expense-tracker"
}
2025-07-08 09:28:05 [HTTP]: GET /api/v1/advanced-reports/forecast?category=all&months=6&algorithm=linear [32m304[0m 7.991ms - {
  "service": "expense-tracker"
}
2025-07-08 09:28:05 [HTTP]: GET /api/v1/advanced-reports/forecast?category=all&months=6&algorithm=linear [32m304[0m 6.093ms - {
  "service": "expense-tracker"
}
2025-07-08 09:28:08 [HTTP]: GET /api/v1/advanced-reports/forecast?months=3&method=seasonal [32m304[0m 6.573ms - {
  "service": "expense-tracker"
}
2025-07-08 09:28:08 [HTTP]: GET /api/v1/advanced-reports/forecast?months=3&method=seasonal [32m304[0m 6.038ms - {
  "service": "expense-tracker"
}
2025-07-08 09:28:14 [HTTP]: GET /api/v1/analytics/expenses/yearly-comparison?year1=2024&year2=2025 [32m304[0m 8.700ms - {
  "service": "expense-tracker"
}
2025-07-08 09:28:14 [HTTP]: GET /api/v1/analytics/expenses/yearly-comparison?year1=2024&year2=2025 [32m304[0m 7.595ms - {
  "service": "expense-tracker"
}
2025-07-08 09:34:23 [HTTP]: GET /api/v1/budgets?page=1&limit=10 [32m304[0m 72.040ms - {
  "service": "expense-tracker"
}
2025-07-08 09:35:09 [HTTP]: GET /api/v1/analytics/expenses/period-detail?periodType=month&periodValue=8&year=2023 [32m304[0m 10.736ms - {
  "service": "expense-tracker"
}
2025-07-08 09:35:09 [HTTP]: GET /api/v1/analytics/expenses/period-detail?periodType=month&periodValue=8&year=2023 [32m304[0m 5.609ms - {
  "service": "expense-tracker"
}
2025-07-08 09:35:17 [HTTP]: GET /api/v1/analytics/expenses/time-summary?periodType=month&year=2025 [32m304[0m 15.010ms - {
  "service": "expense-tracker"
}
2025-07-08 09:35:17 [HTTP]: GET /api/v1/analytics/expenses/time-summary?periodType=month&year=2025 [32m304[0m 5.288ms - {
  "service": "expense-tracker"
}
2025-07-08 09:35:18 [HTTP]: GET /api/v1/analytics/expenses/category-breakdown?startDate=2025-01-01&endDate=2025-12-31 [32m304[0m 18.225ms - {
  "service": "expense-tracker"
}
2025-07-08 09:35:18 [HTTP]: GET /api/v1/analytics/expenses/category-breakdown?startDate=2025-01-01&endDate=2025-12-31 [32m304[0m 5.941ms - {
  "service": "expense-tracker"
}
2025-07-08 09:35:36 [HTTP]: GET /api/v1/analytics/expenses/time-summary?periodType=month&year=2025 [32m304[0m 7.185ms - {
  "service": "expense-tracker"
}
2025-07-08 09:35:36 [HTTP]: GET /api/v1/analytics/expenses/time-summary?periodType=month&year=2025 [32m304[0m 4.237ms - {
  "service": "expense-tracker"
}
2025-07-08 09:40:29 [HTTP]: GET /api/v1/analytics/expenses/period-detail?periodType=month&periodValue=8&year=2023 [32m304[0m 18.793ms - {
  "service": "expense-tracker"
}
2025-07-08 09:40:29 [HTTP]: GET /api/v1/analytics/expenses/period-detail?periodType=month&periodValue=8&year=2023 [32m304[0m 3.107ms - {
  "service": "expense-tracker"
}
2025-07-08 09:40:32 [HTTP]: GET /api/v1/analytics/expenses/category-breakdown?startDate=2025-01-01&endDate=2025-12-31 [32m304[0m 26.613ms - {
  "service": "expense-tracker"
}
2025-07-08 09:40:32 [HTTP]: GET /api/v1/analytics/expenses/category-breakdown?startDate=2025-01-01&endDate=2025-12-31 [32m304[0m 7.763ms - {
  "service": "expense-tracker"
}
2025-07-08 09:47:16 [HTTP]: GET /api/v1/analytics/expenses/time-summary?periodType=month&year=2025 [32m304[0m 90.792ms - {
  "service": "expense-tracker"
}
2025-07-08 09:47:16 [HTTP]: GET /api/v1/analytics/expenses/time-summary?periodType=month&year=2025 [32m304[0m 6.644ms - {
  "service": "expense-tracker"
}
2025-07-08 09:47:25 [HTTP]: GET /api/v1/analytics/expenses/period-detail?periodType=month&periodValue=8&year=2023 [32m304[0m 4.857ms - {
  "service": "expense-tracker"
}
2025-07-08 09:47:25 [HTTP]: GET /api/v1/analytics/expenses/period-detail?periodType=month&periodValue=8&year=2023 [32m304[0m 10.367ms - {
  "service": "expense-tracker"
}
2025-07-08 09:47:47 [HTTP]: GET /api/v1/analytics/expenses/category-breakdown?startDate=2025-01-01&endDate=2025-12-31 [32m304[0m 158.601ms - {
  "service": "expense-tracker"
}
2025-07-08 09:47:47 [HTTP]: GET /api/v1/analytics/expenses/category-breakdown?startDate=2025-01-01&endDate=2025-12-31 [32m304[0m 3.622ms - {
  "service": "expense-tracker"
}
2025-07-08 09:47:54 [HTTP]: GET /api/v1/analytics/expenses/trends?periodType=month&months=6&targetYear=2025 [32m200[0m 51.882ms - {
  "service": "expense-tracker"
}
2025-07-08 09:47:54 [HTTP]: GET /api/v1/analytics/expenses/trends?periodType=month&months=6&targetYear=2025 [32m200[0m 3.473ms - {
  "service": "expense-tracker"
}
2025-07-08 09:48:09 [HTTP]: GET /api/v1/analytics/expenses/yearly-comparison?year1=2024&year2=2025 [32m304[0m 8.403ms - {
  "service": "expense-tracker"
}
2025-07-08 09:48:09 [HTTP]: GET /api/v1/analytics/expenses/yearly-comparison?year1=2024&year2=2025 [32m304[0m 4.769ms - {
  "service": "expense-tracker"
}
2025-07-08 09:51:54 [HTTP]: GET /api/v1/settings [32m304[0m 141.113ms - {
  "service": "expense-tracker"
}
2025-07-08 09:51:54 [HTTP]: GET /api/v1/settings [32m304[0m 14.891ms - {
  "service": "expense-tracker"
}
2025-07-08 09:51:54 [HTTP]: GET /api/v1/analytics/expenses/yearly-comparison?year1=2024&year2=2025 [32m304[0m 672.482ms - {
  "service": "expense-tracker"
}
2025-07-08 09:51:54 [HTTP]: GET /api/v1/analytics/expenses/yearly-comparison?year1=2024&year2=2025 [32m304[0m 24.454ms - {
  "service": "expense-tracker"
}
2025-07-08 09:51:55 [HTTP]: GET /api/v1/settings [32m304[0m 9.788ms - {
  "service": "expense-tracker"
}
2025-07-08 09:51:55 [HTTP]: GET /api/v1/analytics/expenses/yearly-comparison?year1=2024&year2=2025 [32m304[0m 24.708ms - {
  "service": "expense-tracker"
}
2025-07-08 09:51:55 [HTTP]: GET /api/v1/settings [32m304[0m 20.125ms - {
  "service": "expense-tracker"
}
2025-07-08 09:51:55 [HTTP]: GET /api/v1/analytics/expenses/yearly-comparison?year1=2024&year2=2025 [32m304[0m 17.856ms - {
  "service": "expense-tracker"
}
2025-07-08 09:51:58 [HTTP]: GET /api/v1/settings [32m304[0m 53.262ms - {
  "service": "expense-tracker"
}
2025-07-08 09:51:58 [HTTP]: GET /api/v1/analytics/expenses/yearly-comparison?year1=2024&year2=2025 [32m304[0m 113.511ms - {
  "service": "expense-tracker"
}
2025-07-08 09:51:58 [HTTP]: GET /api/v1/settings [32m304[0m 25.485ms - {
  "service": "expense-tracker"
}
2025-07-08 09:51:58 [HTTP]: GET /api/v1/analytics/expenses/yearly-comparison?year1=2024&year2=2025 [32m304[0m 28.237ms - {
  "service": "expense-tracker"
}
2025-07-08 09:52:16 [HTTP]: GET /api/v1/settings [32m304[0m 488.058ms - {
  "service": "expense-tracker"
}
2025-07-08 09:52:16 [HTTP]: GET /api/v1/settings [32m304[0m 3.471ms - {
  "service": "expense-tracker"
}
2025-07-08 09:52:16 [HTTP]: GET /api/v1/analytics/expenses/yearly-comparison?year1=2024&year2=2025 [32m304[0m 604.358ms - {
  "service": "expense-tracker"
}
2025-07-08 09:52:16 [HTTP]: GET /api/v1/analytics/expenses/yearly-comparison?year1=2024&year2=2025 [32m304[0m 12.649ms - {
  "service": "expense-tracker"
}
2025-07-08 09:52:43 [HTTP]: GET /api/v1/analytics/expenses/time-summary?periodType=month&year=2025 [32m304[0m 1.09s - {
  "service": "expense-tracker"
}
2025-07-08 09:52:43 [HTTP]: GET /api/v1/analytics/expenses/time-summary?periodType=month&year=2025 [32m304[0m 8.893ms - {
  "service": "expense-tracker"
}
2025-07-08 09:52:43 [HTTP]: GET /api/v1/analytics/expenses/period-detail?periodType=month&periodValue=8&year=2023 [32m304[0m 7.668ms - {
  "service": "expense-tracker"
}
2025-07-08 09:52:43 [HTTP]: GET /api/v1/analytics/expenses/period-detail?periodType=month&periodValue=8&year=2023 [32m304[0m 7.001ms - {
  "service": "expense-tracker"
}
2025-07-08 09:52:45 [HTTP]: GET /api/v1/analytics/expenses/category-breakdown?startDate=2025-01-01&endDate=2025-12-31 [32m304[0m 164.600ms - {
  "service": "expense-tracker"
}
2025-07-08 09:52:45 [HTTP]: GET /api/v1/analytics/expenses/category-breakdown?startDate=2025-01-01&endDate=2025-12-31 [32m304[0m 9.018ms - {
  "service": "expense-tracker"
}
2025-07-08 09:52:47 [HTTP]: GET /api/v1/settings [32m304[0m 20.820ms - {
  "service": "expense-tracker"
}
2025-07-08 09:52:47 [HTTP]: GET /api/v1/settings [32m304[0m 6.224ms - {
  "service": "expense-tracker"
}
2025-07-08 09:52:47 [ERROR]: Error encountered {
  "errorName": "Error",
  "errorMessage": "Setting not found with key of accommodationAllowance",
  "path": "/api/v1/settings/key/accommodationAllowance",
  "method": "GET",
  "ip": "::1",
  "stack": "Error: Setting not found with key of accommodationAllowance\n    at file:///Users/masynctech/Desktop/NEW%20PROJECTS/Marcel-Expenses-Project/Marcel-Expense-Project/backend/src/controllers/settings.js:136:7\n    at process.processTicksAndRejections (node:internal/process/task_queues:95:5)",
  "body": "(no request body)",
  "service": "expense-tracker"
}
2025-07-08 09:52:47 [HTTP]: GET /api/v1/settings/key/accommodationAllowance [33m404[0m 60.802ms - {
  "service": "expense-tracker"
}
2025-07-08 09:52:47 [HTTP]: GET /api/v1/settings/key/cateringAllowance [32m304[0m 30.846ms - {
  "service": "expense-tracker"
}
2025-07-08 09:52:47 [HTTP]: GET /api/v1/settings/key/costPerKilometer [32m304[0m 42.344ms - {
  "service": "expense-tracker"
}
2025-07-08 09:52:47 [ERROR]: Error encountered {
  "errorName": "Error",
  "errorMessage": "Setting not found with key of accommodationAllowance",
  "path": "/api/v1/settings/key/accommodationAllowance",
  "method": "GET",
  "ip": "::1",
  "stack": "Error: Setting not found with key of accommodationAllowance\n    at file:///Users/masynctech/Desktop/NEW%20PROJECTS/Marcel-Expenses-Project/Marcel-Expense-Project/backend/src/controllers/settings.js:136:7\n    at process.processTicksAndRejections (node:internal/process/task_queues:95:5)",
  "body": "(no request body)",
  "service": "expense-tracker"
}
2025-07-08 09:52:47 [HTTP]: GET /api/v1/settings/key/accommodationAllowance [33m404[0m 3.754ms - {
  "service": "expense-tracker"
}
2025-07-08 09:52:47 [HTTP]: GET /api/v1/settings/key/cateringAllowance [32m304[0m 3.216ms - {
  "service": "expense-tracker"
}
2025-07-08 09:52:47 [HTTP]: GET /api/v1/settings/key/costPerKilometer [32m304[0m 2.980ms - {
  "service": "expense-tracker"
}
2025-07-08 09:52:56 [HTTP]: GET /api/v1/advanced-reports/ytd?year=2025&compareWithPreviousYear=false [32m200[0m 422.554ms - {
  "service": "expense-tracker"
}
2025-07-08 09:52:56 [HTTP]: GET /api/v1/advanced-reports/ytd?year=2025&compareWithPreviousYear=false [32m200[0m 11.739ms - {
  "service": "expense-tracker"
}
2025-07-08 09:52:56 [HTTP]: GET /api/v1/advanced-reports/ytd?year=2025&compareWithPreviousYear=false [32m200[0m 12.076ms - {
  "service": "expense-tracker"
}
2025-07-08 09:53:01 [HTTP]: GET /api/v1/advanced-reports/budget-comparison?year=2025&month=2&debug=true [32m200[0m 45.903ms - {
  "service": "expense-tracker"
}
2025-07-08 09:53:01 [HTTP]: GET /api/v1/advanced-reports/budget-comparison?year=2025&month=2&debug=true [32m304[0m 13.192ms - {
  "service": "expense-tracker"
}
2025-07-08 09:53:08 [HTTP]: GET /api/v1/advanced-reports/chart-data?chartType=pie&startDate=2025-01-01&endDate=2025-12-31 [32m200[0m 36.089ms - {
  "service": "expense-tracker"
}
2025-07-08 09:53:08 [HTTP]: GET /api/v1/advanced-reports/chart-data?chartType=pie&startDate=2025-01-01&endDate=2025-12-31 [32m200[0m 34.370ms - {
  "service": "expense-tracker"
}
2025-07-08 09:53:16 [HTTP]: GET /api/v1/advanced-reports/forecast?months=3&method=seasonal [32m304[0m 24.127ms - {
  "service": "expense-tracker"
}
2025-07-08 09:53:16 [HTTP]: GET /api/v1/advanced-reports/forecast?months=3&method=seasonal [32m304[0m 10.604ms - {
  "service": "expense-tracker"
}
2025-07-08 09:53:18 [HTTP]: GET /api/v1/categories [32m304[0m 113.675ms - {
  "service": "expense-tracker"
}
2025-07-08 09:53:18 [HTTP]: GET /api/v1/categories [32m304[0m 12.463ms - {
  "service": "expense-tracker"
}
2025-07-08 09:53:18 [HTTP]: GET /api/v1/advanced-reports/expenses?page=1&limit=10&sortBy=journeyDate&sortDirection=desc [32m304[0m 146.217ms - {
  "service": "expense-tracker"
}
2025-07-08 09:53:18 [HTTP]: GET /api/v1/advanced-reports/expenses?page=1&limit=10&sortBy=journeyDate&sortDirection=desc [32m304[0m 15.315ms - {
  "service": "expense-tracker"
}
2025-07-08 09:53:19 [HTTP]: GET /api/v1/budgets/summary?year=2025 [32m200[0m 21.747ms - {
  "service": "expense-tracker"
}
2025-07-08 09:53:19 [HTTP]: GET /api/v1/budgets/summary?year=2025 [32m304[0m 9.937ms - {
  "service": "expense-tracker"
}
2025-07-08 09:53:31 [ERROR]: Error encountered {
  "errorName": "Error",
  "errorMessage": "Setting not found with key of accommodationAllowance",
  "path": "/api/v1/settings/key/accommodationAllowance",
  "method": "GET",
  "ip": "::1",
  "stack": "Error: Setting not found with key of accommodationAllowance\n    at file:///Users/masynctech/Desktop/NEW%20PROJECTS/Marcel-Expenses-Project/Marcel-Expense-Project/backend/src/controllers/settings.js:136:7\n    at process.processTicksAndRejections (node:internal/process/task_queues:95:5)",
  "body": "(no request body)",
  "service": "expense-tracker"
}
2025-07-08 09:53:31 [HTTP]: GET /api/v1/settings/key/accommodationAllowance [33m404[0m 10.344ms - {
  "service": "expense-tracker"
}
2025-07-08 09:53:31 [HTTP]: GET /api/v1/settings/key/cateringAllowance [32m304[0m 10.080ms - {
  "service": "expense-tracker"
}
2025-07-08 09:53:31 [HTTP]: GET /api/v1/settings/key/costPerKilometer [32m304[0m 11.320ms - {
  "service": "expense-tracker"
}
2025-07-08 09:53:31 [HTTP]: GET /api/v1/settings [32m304[0m 9.234ms - {
  "service": "expense-tracker"
}
2025-07-08 09:53:31 [ERROR]: Error encountered {
  "errorName": "Error",
  "errorMessage": "Setting not found with key of accommodationAllowance",
  "path": "/api/v1/settings/key/accommodationAllowance",
  "method": "GET",
  "ip": "::1",
  "stack": "Error: Setting not found with key of accommodationAllowance\n    at file:///Users/masynctech/Desktop/NEW%20PROJECTS/Marcel-Expenses-Project/Marcel-Expense-Project/backend/src/controllers/settings.js:136:7\n    at process.processTicksAndRejections (node:internal/process/task_queues:95:5)",
  "body": "(no request body)",
  "service": "expense-tracker"
}
2025-07-08 09:53:31 [HTTP]: GET /api/v1/settings/key/accommodationAllowance [33m404[0m 8.424ms - {
  "service": "expense-tracker"
}
2025-07-08 09:53:31 [HTTP]: GET /api/v1/settings/key/cateringAllowance [32m304[0m 8.284ms - {
  "service": "expense-tracker"
}
2025-07-08 09:53:31 [HTTP]: GET /api/v1/settings/key/costPerKilometer [32m304[0m 7.587ms - {
  "service": "expense-tracker"
}
2025-07-08 09:53:31 [HTTP]: GET /api/v1/settings [32m304[0m 4.891ms - {
  "service": "expense-tracker"
}
2025-07-08 09:54:30 [HTTP]: GET /api/v1/advanced-reports/ytd?year=2025&compareWithPreviousYear=false [32m200[0m 208.515ms - {
  "service": "expense-tracker"
}
2025-07-08 09:54:30 [HTTP]: GET /api/v1/advanced-reports/ytd?year=2025&compareWithPreviousYear=false [32m200[0m 8.503ms - {
  "service": "expense-tracker"
}
2025-07-08 09:54:30 [HTTP]: GET /api/v1/advanced-reports/ytd?year=2025&compareWithPreviousYear=false [32m200[0m 6.820ms - {
  "service": "expense-tracker"
}
2025-07-08 09:54:33 [HTTP]: GET /api/v1/advanced-reports/budget-comparison?year=2025&month=2&debug=true [32m304[0m 8.977ms - {
  "service": "expense-tracker"
}
2025-07-08 09:54:33 [HTTP]: GET /api/v1/advanced-reports/budget-comparison?year=2025&month=2&debug=true [32m304[0m 5.325ms - {
  "service": "expense-tracker"
}
2025-07-08 09:54:35 [HTTP]: GET /api/v1/advanced-reports/chart-data?chartType=pie&startDate=2025-01-01&endDate=2025-12-31 [32m304[0m 18.803ms - {
  "service": "expense-tracker"
}
2025-07-08 09:54:35 [HTTP]: GET /api/v1/advanced-reports/chart-data?chartType=pie&startDate=2025-01-01&endDate=2025-12-31 [32m200[0m 3.882ms - {
  "service": "expense-tracker"
}
2025-07-08 09:54:41 [HTTP]: GET /api/v1/advanced-reports/forecast?months=3&method=seasonal [32m304[0m 19.864ms - {
  "service": "expense-tracker"
}
2025-07-08 09:54:41 [HTTP]: GET /api/v1/advanced-reports/forecast?months=3&method=seasonal [32m304[0m 32.082ms - {
  "service": "expense-tracker"
}
2025-07-08 09:54:46 [HTTP]: GET /api/v1/categories [32m304[0m 89.990ms - {
  "service": "expense-tracker"
}
2025-07-08 09:54:46 [HTTP]: GET /api/v1/advanced-reports/expenses?page=1&limit=10&sortBy=journeyDate&sortDirection=desc [32m304[0m 64.506ms - {
  "service": "expense-tracker"
}
2025-07-08 09:54:46 [HTTP]: GET /api/v1/categories [32m304[0m 18.995ms - {
  "service": "expense-tracker"
}
2025-07-08 09:54:46 [HTTP]: GET /api/v1/advanced-reports/expenses?page=1&limit=10&sortBy=journeyDate&sortDirection=desc [32m304[0m 48.187ms - {
  "service": "expense-tracker"
}
2025-07-08 09:55:03 [HTTP]: GET /api/v1/budgets/summary?year=2025 [32m304[0m 28.989ms - {
  "service": "expense-tracker"
}
2025-07-08 09:55:03 [HTTP]: GET /api/v1/budgets/summary?year=2025 [32m304[0m 7.152ms - {
  "service": "expense-tracker"
}
2025-07-08 09:55:05 [HTTP]: GET /api/v1/categories [32m304[0m 33.041ms - {
  "service": "expense-tracker"
}
2025-07-08 09:55:05 [HTTP]: GET /api/v1/advanced-reports/expenses?page=1&limit=10&sortBy=journeyDate&sortDirection=desc [32m304[0m 27.829ms - {
  "service": "expense-tracker"
}
2025-07-08 09:55:05 [HTTP]: GET /api/v1/categories [32m304[0m 11.677ms - {
  "service": "expense-tracker"
}
2025-07-08 09:55:05 [HTTP]: GET /api/v1/advanced-reports/expenses?page=1&limit=10&sortBy=journeyDate&sortDirection=desc [32m304[0m 18.969ms - {
  "service": "expense-tracker"
}
2025-07-08 09:55:12 [HTTP]: GET /api/v1/categories [32m304[0m 6.207ms - {
  "service": "expense-tracker"
}
2025-07-08 09:55:12 [HTTP]: GET /api/v1/settings [32m304[0m 9.608ms - {
  "service": "expense-tracker"
}
2025-07-08 09:55:12 [HTTP]: GET /api/v1/categories [32m304[0m 20.066ms - {
  "service": "expense-tracker"
}
2025-07-08 09:55:12 [HTTP]: GET /api/v1/settings [32m304[0m 24.940ms - {
  "service": "expense-tracker"
}
2025-07-08 09:55:12 [HTTP]: GET /api/v1/advanced-reports/expenses?page=1&limit=10&sortBy=journeyDate&sortDirection=desc [32m304[0m 50.291ms - {
  "service": "expense-tracker"
}
2025-07-08 09:55:12 [HTTP]: GET /api/v1/advanced-reports/expenses?page=1&limit=10&sortBy=journeyDate&sortDirection=desc [32m304[0m 22.726ms - {
  "service": "expense-tracker"
}
2025-07-08 09:55:17 [HTTP]: GET /api/v1/budgets/summary?year=2025 [32m304[0m 13.675ms - {
  "service": "expense-tracker"
}
2025-07-08 09:55:17 [HTTP]: GET /api/v1/budgets/summary?year=2025 [32m304[0m 23.259ms - {
  "service": "expense-tracker"
}
2025-07-08 09:55:38 [HTTP]: GET /api/v1/settings [32m304[0m 15.212ms - {
  "service": "expense-tracker"
}
2025-07-08 09:55:38 [HTTP]: GET /api/v1/settings [32m304[0m 1.788ms - {
  "service": "expense-tracker"
}
2025-07-08 09:55:45 [HTTP]: GET /api/v1/advanced-reports/ytd?year=2025&compareWithPreviousYear=false [32m200[0m 88.197ms - {
  "service": "expense-tracker"
}
2025-07-08 09:55:45 [HTTP]: GET /api/v1/advanced-reports/ytd?year=2025&compareWithPreviousYear=false [32m200[0m 13.381ms - {
  "service": "expense-tracker"
}
2025-07-08 09:55:45 [HTTP]: GET /api/v1/advanced-reports/ytd?year=2025&compareWithPreviousYear=false [32m200[0m 9.453ms - {
  "service": "expense-tracker"
}
2025-07-08 09:57:09 [HTTP]: GET /api/v1/advanced-reports/ytd?year=2025&compareWithPreviousYear=false [32m200[0m 198.755ms - {
  "service": "expense-tracker"
}
2025-07-08 09:57:09 [HTTP]: GET /api/v1/advanced-reports/ytd?year=2025&compareWithPreviousYear=false [32m200[0m 10.536ms - {
  "service": "expense-tracker"
}
2025-07-08 09:57:09 [HTTP]: GET /api/v1/advanced-reports/ytd?year=2025&compareWithPreviousYear=false [32m200[0m 7.170ms - {
  "service": "expense-tracker"
}
2025-07-08 09:57:10 [HTTP]: GET /api/v1/advanced-reports/budget-comparison?year=2025&month=2&debug=true [32m200[0m NaNs - {
  "service": "expense-tracker"
}
2025-07-08 09:57:10 [HTTP]: GET /api/v1/settings [32m304[0m 28.286ms - {
  "service": "expense-tracker"
}
2025-07-08 09:57:10 [HTTP]: GET /api/v1/advanced-reports/budget-comparison?year=2025&month=2&debug=true [32m200[0m 44.832ms - {
  "service": "expense-tracker"
}
2025-07-08 09:57:10 [HTTP]: GET /api/v1/advanced-reports/budget-comparison?year=2025&month=2&debug=true [32m200[0m 53.835ms - {
  "service": "expense-tracker"
}
2025-07-08 09:57:10 [HTTP]: GET /api/v1/settings [32m304[0m 20.526ms - {
  "service": "expense-tracker"
}
2025-07-08 09:57:11 [HTTP]: GET /api/v1/settings [32m304[0m 3.561ms - {
  "service": "expense-tracker"
}
2025-07-08 09:57:11 [HTTP]: GET /api/v1/settings [32m304[0m 7.429ms - {
  "service": "expense-tracker"
}
2025-07-08 09:57:11 [HTTP]: GET /api/v1/budgets?page=1&limit=10 [32m304[0m 53.868ms - {
  "service": "expense-tracker"
}
2025-07-08 09:57:11 [HTTP]: GET /api/v1/budgets?page=1&limit=10 [32m304[0m 35.080ms - {
  "service": "expense-tracker"
}
2025-07-08 09:57:11 [HTTP]: GET /api/v1/advanced-reports/chart-data?chartType=pie&startDate=2025-01-01&endDate=2025-12-31 [32m200[0m 46.662ms - {
  "service": "expense-tracker"
}
2025-07-08 09:57:11 [HTTP]: GET /api/v1/advanced-reports/chart-data?chartType=pie&startDate=2025-01-01&endDate=2025-12-31 [32m200[0m 5.774ms - {
  "service": "expense-tracker"
}
2025-07-08 09:57:12 [HTTP]: GET /api/v1/advanced-reports/forecast?months=3&method=seasonal [32m304[0m 9.902ms - {
  "service": "expense-tracker"
}
2025-07-08 09:57:12 [HTTP]: GET /api/v1/advanced-reports/forecast?months=3&method=seasonal [32m304[0m 3.796ms - {
  "service": "expense-tracker"
}
2025-07-08 09:57:13 [HTTP]: GET /api/v1/categories [32m304[0m 15.178ms - {
  "service": "expense-tracker"
}
2025-07-08 09:57:13 [HTTP]: GET /api/v1/advanced-reports/expenses?page=1&limit=10&sortBy=journeyDate&sortDirection=desc [32m304[0m 26.239ms - {
  "service": "expense-tracker"
}
2025-07-08 09:57:13 [HTTP]: GET /api/v1/categories [32m304[0m 9.796ms - {
  "service": "expense-tracker"
}
2025-07-08 09:57:13 [HTTP]: GET /api/v1/advanced-reports/expenses?page=1&limit=10&sortBy=journeyDate&sortDirection=desc [32m304[0m 52.381ms - {
  "service": "expense-tracker"
}
2025-07-08 09:57:15 [HTTP]: GET /api/v1/budgets/summary?year=2025 [32m304[0m 14.929ms - {
  "service": "expense-tracker"
}
2025-07-08 09:57:15 [HTTP]: GET /api/v1/budgets/summary?year=2025 [32m304[0m 6.656ms - {
  "service": "expense-tracker"
}
2025-07-08 09:57:15 [HTTP]: GET /api/v1/settings [32m304[0m 18.645ms - {
  "service": "expense-tracker"
}
2025-07-08 09:57:15 [HTTP]: GET /api/v1/budgets/summary?year=2025 [32m304[0m 44.367ms - {
  "service": "expense-tracker"
}
2025-07-08 09:57:15 [HTTP]: GET /api/v1/settings [32m304[0m 43.794ms - {
  "service": "expense-tracker"
}
2025-07-08 09:57:16 [HTTP]: GET /api/v1/budgets/summary?year=2025 [32m304[0m 104.962ms - {
  "service": "expense-tracker"
}
2025-07-08 09:57:16 [HTTP]: GET /api/v1/settings [32m304[0m 63.831ms - {
  "service": "expense-tracker"
}
2025-07-08 09:57:16 [HTTP]: GET /api/v1/budgets?page=1&limit=10 [32m304[0m 208.034ms - {
  "service": "expense-tracker"
}
2025-07-08 09:57:16 [HTTP]: GET /api/v1/settings [32m304[0m 109.939ms - {
  "service": "expense-tracker"
}
2025-07-08 09:57:16 [HTTP]: GET /api/v1/budgets?page=1&limit=10 [32m304[0m 197.364ms - {
  "service": "expense-tracker"
}
2025-07-08 09:57:26 [HTTP]: GET /api/v1/settings [32m304[0m 3.314ms - {
  "service": "expense-tracker"
}
2025-07-08 09:57:26 [HTTP]: GET /api/v1/budgets/summary?year=2025 [32m304[0m 20.447ms - {
  "service": "expense-tracker"
}
2025-07-08 09:57:26 [HTTP]: GET /api/v1/settings [32m304[0m 3.282ms - {
  "service": "expense-tracker"
}
2025-07-08 09:57:26 [HTTP]: GET /api/v1/budgets/summary?year=2025 [32m304[0m 37.585ms - {
  "service": "expense-tracker"
}
2025-07-08 09:57:27 [HTTP]: GET /api/v1/settings [32m304[0m 7.664ms - {
  "service": "expense-tracker"
}
2025-07-08 09:57:27 [HTTP]: GET /api/v1/settings [32m304[0m 36.437ms - {
  "service": "expense-tracker"
}
2025-07-08 09:57:27 [HTTP]: GET /api/v1/budgets?page=1&limit=10 [32m304[0m 79.203ms - {
  "service": "expense-tracker"
}
2025-07-08 09:57:27 [HTTP]: GET /api/v1/budgets?page=1&limit=10 [32m304[0m 42.778ms - {
  "service": "expense-tracker"
}
2025-07-08 09:57:29 [HTTP]: GET /api/v1/settings [32m304[0m 10.368ms - {
  "service": "expense-tracker"
}
2025-07-08 09:57:29 [HTTP]: GET /api/v1/budgets/summary?year=2025 [32m304[0m 26.435ms - {
  "service": "expense-tracker"
}
2025-07-08 09:57:29 [HTTP]: GET /api/v1/settings [32m304[0m 14.634ms - {
  "service": "expense-tracker"
}
2025-07-08 09:57:29 [HTTP]: GET /api/v1/budgets/summary?year=2025 [32m304[0m 16.845ms - {
  "service": "expense-tracker"
}
2025-07-08 09:57:29 [HTTP]: GET /api/v1/settings [32m304[0m 8.549ms - {
  "service": "expense-tracker"
}
2025-07-08 09:57:29 [HTTP]: GET /api/v1/settings [32m304[0m 11.303ms - {
  "service": "expense-tracker"
}
2025-07-08 09:57:29 [HTTP]: GET /api/v1/budgets?page=1&limit=10 [32m304[0m 32.256ms - {
  "service": "expense-tracker"
}
2025-07-08 09:57:29 [HTTP]: GET /api/v1/budgets?page=1&limit=10 [32m304[0m 17.484ms - {
  "service": "expense-tracker"
}
2025-07-08 09:57:31 [HTTP]: GET /api/v1/settings [32m304[0m 6.700ms - {
  "service": "expense-tracker"
}
2025-07-08 09:57:31 [HTTP]: GET /api/v1/settings [32m304[0m 2.165ms - {
  "service": "expense-tracker"
}
2025-07-08 09:57:31 [HTTP]: GET /api/v1/budgets/summary?year=2025 [32m304[0m 16.658ms - {
  "service": "expense-tracker"
}
2025-07-08 09:57:31 [HTTP]: GET /api/v1/budgets/summary?year=2025 [32m304[0m 6.815ms - {
  "service": "expense-tracker"
}
2025-07-08 09:57:32 [HTTP]: GET /api/v1/settings [32m304[0m 16.527ms - {
  "service": "expense-tracker"
}
2025-07-08 09:57:32 [HTTP]: GET /api/v1/settings [32m304[0m 12.313ms - {
  "service": "expense-tracker"
}
2025-07-08 09:57:32 [HTTP]: GET /api/v1/budgets?page=1&limit=10 [32m304[0m 61.269ms - {
  "service": "expense-tracker"
}
2025-07-08 09:57:32 [HTTP]: GET /api/v1/budgets?page=1&limit=10 [32m304[0m 18.886ms - {
  "service": "expense-tracker"
}
2025-07-08 09:57:34 [HTTP]: GET /api/v1/settings [32m304[0m 5.307ms - {
  "service": "expense-tracker"
}
2025-07-08 09:57:34 [HTTP]: GET /api/v1/settings [32m304[0m 2.102ms - {
  "service": "expense-tracker"
}
2025-07-08 09:57:34 [HTTP]: GET /api/v1/settings [32m304[0m 10.228ms - {
  "service": "expense-tracker"
}
2025-07-08 09:57:34 [HTTP]: GET /api/v1/budgets?page=1&limit=10 [32m304[0m 32.709ms - {
  "service": "expense-tracker"
}
2025-07-08 09:57:34 [HTTP]: GET /api/v1/settings [32m304[0m 13.955ms - {
  "service": "expense-tracker"
}
2025-07-08 09:57:34 [HTTP]: GET /api/v1/budgets?page=1&limit=10 [32m304[0m 49.734ms - {
  "service": "expense-tracker"
}
2025-07-08 09:57:36 [HTTP]: GET /api/v1/settings [32m304[0m 3.831ms - {
  "service": "expense-tracker"
}
2025-07-08 09:57:36 [HTTP]: GET /api/v1/settings [32m304[0m 3.860ms - {
  "service": "expense-tracker"
}
2025-07-08 09:57:37 [HTTP]: GET /api/v1/settings [32m304[0m 5.156ms - {
  "service": "expense-tracker"
}
2025-07-08 09:57:37 [HTTP]: GET /api/v1/budgets?page=1&limit=10 [32m304[0m 17.642ms - {
  "service": "expense-tracker"
}
2025-07-08 09:57:37 [HTTP]: GET /api/v1/settings [32m304[0m 5.509ms - {
  "service": "expense-tracker"
}
2025-07-08 09:57:37 [HTTP]: GET /api/v1/budgets?page=1&limit=10 [32m304[0m 8.866ms - {
  "service": "expense-tracker"
}
2025-07-08 09:57:49 [HTTP]: GET /api/v1/budgets?year=2025 [32m304[0m 31.044ms - {
  "service": "expense-tracker"
}
2025-07-08 09:57:49 [HTTP]: GET /api/v1/budgets?year=2025 [32m304[0m 16.671ms - {
  "service": "expense-tracker"
}
2025-07-08 09:58:00 [HTTP]: GET /api/v1/analytics/expenses/time-summary?periodType=month&year=2025 [32m304[0m 24.675ms - {
  "service": "expense-tracker"
}
2025-07-08 09:58:00 [HTTP]: GET /api/v1/analytics/expenses/time-summary?periodType=month&year=2025 [32m304[0m 4.073ms - {
  "service": "expense-tracker"
}
2025-07-08 09:58:02 [HTTP]: GET /api/v1/analytics/expenses/period-detail?periodType=month&periodValue=8&year=2023 [32m304[0m 8.121ms - {
  "service": "expense-tracker"
}
2025-07-08 09:58:02 [HTTP]: GET /api/v1/analytics/expenses/period-detail?periodType=month&periodValue=8&year=2023 [32m304[0m 4.266ms - {
  "service": "expense-tracker"
}
2025-07-08 09:58:10 [HTTP]: GET /api/v1/advanced-reports/ytd?year=2025&compareWithPreviousYear=false [32m200[0m 51.274ms - {
  "service": "expense-tracker"
}
2025-07-08 09:58:10 [HTTP]: GET /api/v1/advanced-reports/ytd?year=2025&compareWithPreviousYear=false [32m200[0m 9.102ms - {
  "service": "expense-tracker"
}
2025-07-08 09:58:10 [HTTP]: GET /api/v1/advanced-reports/ytd?year=2025&compareWithPreviousYear=false [32m200[0m 6.524ms - {
  "service": "expense-tracker"
}
2025-07-08 09:58:12 [HTTP]: GET /api/v1/advanced-reports/ytd?year=2025&compareWithPreviousYear=false [32m200[0m 22.700ms - {
  "service": "expense-tracker"
}
2025-07-08 09:58:12 [HTTP]: GET /api/v1/advanced-reports/ytd?year=2025&compareWithPreviousYear=false [32m200[0m 11.735ms - {
  "service": "expense-tracker"
}
2025-07-08 09:58:12 [HTTP]: GET /api/v1/advanced-reports/ytd?year=2025&compareWithPreviousYear=false [32m200[0m 7.905ms - {
  "service": "expense-tracker"
}
2025-07-08 09:59:11 [HTTP]: GET /api/v1/settings [32m304[0m 172.539ms - {
  "service": "expense-tracker"
}
2025-07-08 09:59:11 [HTTP]: GET /api/v1/settings [32m304[0m 108.625ms - {
  "service": "expense-tracker"
}
2025-07-08 09:59:11 [HTTP]: GET /api/v1/settings [32m304[0m 39.881ms - {
  "service": "expense-tracker"
}
2025-07-08 09:59:11 [HTTP]: GET /api/v1/settings [32m304[0m 43.940ms - {
  "service": "expense-tracker"
}
2025-07-08 09:59:11 [HTTP]: GET /api/v1/budgets?page=1&limit=10 [32m304[0m 124.058ms - {
  "service": "expense-tracker"
}
2025-07-08 09:59:11 [HTTP]: GET /api/v1/budgets?page=1&limit=10 [32m304[0m 149.285ms - {
  "service": "expense-tracker"
}
2025-07-08 09:59:39 [HTTP]: GET /api/v1/settings [32m304[0m 25.474ms - {
  "service": "expense-tracker"
}
2025-07-08 09:59:39 [HTTP]: GET /api/v1/settings [32m304[0m 3.667ms - {
  "service": "expense-tracker"
}
2025-07-08 09:59:40 [HTTP]: GET /api/v1/settings [32m304[0m 4.258ms - {
  "service": "expense-tracker"
}
2025-07-08 09:59:40 [HTTP]: GET /api/v1/settings [32m304[0m 5.538ms - {
  "service": "expense-tracker"
}
2025-07-08 09:59:40 [HTTP]: GET /api/v1/budgets?page=1&limit=10 [32m304[0m 67.765ms - {
  "service": "expense-tracker"
}
2025-07-08 09:59:40 [HTTP]: GET /api/v1/budgets?page=1&limit=10 [32m304[0m 13.688ms - {
  "service": "expense-tracker"
}
2025-07-08 10:00:04 [HTTP]: GET /api/v1/settings [32m304[0m 120.830ms - {
  "service": "expense-tracker"
}
2025-07-08 10:00:04 [HTTP]: GET /api/v1/settings [32m304[0m 8.775ms - {
  "service": "expense-tracker"
}
2025-07-08 10:00:19 [HTTP]: GET /api/v1/settings [32m304[0m 37.291ms - {
  "service": "expense-tracker"
}
2025-07-08 10:00:19 [HTTP]: GET /api/v1/settings [32m304[0m 19.679ms - {
  "service": "expense-tracker"
}
2025-07-08 10:00:19 [HTTP]: GET /api/v1/settings [32m304[0m 6.990ms - {
  "service": "expense-tracker"
}
2025-07-08 10:00:19 [HTTP]: GET /api/v1/settings [32m304[0m 7.286ms - {
  "service": "expense-tracker"
}
2025-07-08 10:00:19 [HTTP]: GET /api/v1/budgets?page=1&limit=10 [32m304[0m 121.953ms - {
  "service": "expense-tracker"
}
2025-07-08 10:00:19 [HTTP]: GET /api/v1/budgets?page=1&limit=10 [32m304[0m 41.259ms - {
  "service": "expense-tracker"
}
2025-07-08 10:00:30 [HTTP]: GET /api/v1/settings [32m304[0m 8.768ms - {
  "service": "expense-tracker"
}
2025-07-08 10:00:30 [HTTP]: GET /api/v1/settings [32m304[0m 7.738ms - {
  "service": "expense-tracker"
}
2025-07-08 10:00:30 [HTTP]: GET /api/v1/settings [32m304[0m 15.183ms - {
  "service": "expense-tracker"
}
2025-07-08 10:00:31 [HTTP]: GET /api/v1/budgets?page=1&limit=10 [32m304[0m 36.960ms - {
  "service": "expense-tracker"
}
2025-07-08 10:00:31 [HTTP]: GET /api/v1/settings [32m304[0m 7.599ms - {
  "service": "expense-tracker"
}
2025-07-08 10:00:31 [HTTP]: GET /api/v1/budgets?page=1&limit=10 [32m304[0m 12.135ms - {
  "service": "expense-tracker"
}
2025-07-08 10:00:46 [HTTP]: GET /api/v1/settings [32m304[0m 10.925ms - {
  "service": "expense-tracker"
}
2025-07-08 10:00:46 [HTTP]: GET /api/v1/settings [32m304[0m 3.715ms - {
  "service": "expense-tracker"
}
2025-07-08 10:00:47 [HTTP]: GET /api/v1/settings [32m304[0m 5.412ms - {
  "service": "expense-tracker"
}
2025-07-08 10:00:47 [HTTP]: GET /api/v1/budgets?page=1&limit=10 [32m304[0m 22.139ms - {
  "service": "expense-tracker"
}
2025-07-08 10:00:47 [HTTP]: GET /api/v1/settings [32m304[0m 7.238ms - {
  "service": "expense-tracker"
}
2025-07-08 10:00:47 [HTTP]: GET /api/v1/budgets?page=1&limit=10 [32m304[0m 10.570ms - {
  "service": "expense-tracker"
}
2025-07-08 10:04:43 [HTTP]: GET /api/v1/advanced-reports/chart-data?chartType=pie&startDate=2025-01-01&endDate=2025-12-31 [32m200[0m 140.930ms - {
  "service": "expense-tracker"
}
2025-07-08 10:04:43 [HTTP]: GET /api/v1/advanced-reports/chart-data?chartType=pie&startDate=2025-01-01&endDate=2025-12-31 [32m200[0m 4.802ms - {
  "service": "expense-tracker"
}
2025-07-08 10:04:47 [HTTP]: GET /api/v1/settings/key/costPerKilometer [32m304[0m 8.376ms - {
  "service": "expense-tracker"
}
2025-07-08 10:04:47 [ERROR]: Error encountered {
  "errorName": "Error",
  "errorMessage": "Setting not found with key of accommodationAllowance",
  "path": "/api/v1/settings/key/accommodationAllowance",
  "method": "GET",
  "ip": "::1",
  "stack": "Error: Setting not found with key of accommodationAllowance\n    at file:///Users/masynctech/Desktop/NEW%20PROJECTS/Marcel-Expenses-Project/Marcel-Expense-Project/backend/src/controllers/settings.js:136:7\n    at process.processTicksAndRejections (node:internal/process/task_queues:95:5)",
  "body": "(no request body)",
  "service": "expense-tracker"
}
2025-07-08 10:04:47 [HTTP]: GET /api/v1/settings/key/accommodationAllowance [33m404[0m 14.552ms - {
  "service": "expense-tracker"
}
2025-07-08 10:04:47 [HTTP]: GET /api/v1/settings [32m304[0m 9.081ms - {
  "service": "expense-tracker"
}
2025-07-08 10:04:47 [HTTP]: GET /api/v1/settings/key/cateringAllowance [32m304[0m 11.988ms - {
  "service": "expense-tracker"
}
2025-07-08 10:04:47 [ERROR]: Error encountered {
  "errorName": "Error",
  "errorMessage": "Setting not found with key of accommodationAllowance",
  "path": "/api/v1/settings/key/accommodationAllowance",
  "method": "GET",
  "ip": "::1",
  "stack": "Error: Setting not found with key of accommodationAllowance\n    at file:///Users/masynctech/Desktop/NEW%20PROJECTS/Marcel-Expenses-Project/Marcel-Expense-Project/backend/src/controllers/settings.js:136:7\n    at process.processTicksAndRejections (node:internal/process/task_queues:95:5)",
  "body": "(no request body)",
  "service": "expense-tracker"
}
2025-07-08 10:04:47 [HTTP]: GET /api/v1/settings/key/accommodationAllowance [33m404[0m 7.991ms - {
  "service": "expense-tracker"
}
2025-07-08 10:04:47 [HTTP]: GET /api/v1/settings/key/costPerKilometer [32m304[0m 10.435ms - {
  "service": "expense-tracker"
}
2025-07-08 10:04:47 [HTTP]: GET /api/v1/settings [32m304[0m 10.156ms - {
  "service": "expense-tracker"
}
2025-07-08 10:04:47 [HTTP]: GET /api/v1/settings/key/cateringAllowance [32m304[0m 9.680ms - {
  "service": "expense-tracker"
}
2025-07-08 10:04:54 [HTTP]: GET /api/v1/auth/logout [32m200[0m 15.313ms - {
  "service": "expense-tracker"
}
2025-07-08 10:04:54 [HTTP]: GET /api/v1/settings [33m401[0m 0.332ms - {
  "service": "expense-tracker"
}
2025-07-08 10:04:54 [HTTP]: GET /api/v1/settings [33m401[0m 0.722ms - {
  "service": "expense-tracker"
}
