2025-05-05 16:10:21 [INFO]: Connection attempt 1 of 3 {
  "service": "database-connection"
}
2025-05-05 16:10:21 [INFO]: Connecting to database... {
  "service": "database-connection"
}
2025-05-05 16:10:21 [INFO]: Connected to database {
  "host": "localhost",
  "port": 27017,
  "database": "expense-tracker",
  "readyState": 1,
  "service": "database-connection"
}
2025-05-05 16:10:21 [INFO]: Successfully connected to database {
  "connectionTimeMs": 24,
  "mongoVersion": "8.13.0",
  "service": "database-connection"
}
2025-05-05 16:10:21 [INFO]: Initializing default data... {
  "service": "database-connection"
}
2025-05-05 16:10:21 [INFO]: Default data initialization complete {
  "service": "database-connection"
}
2025-05-05 16:14:47 [WARN]: Disconnected from database {
  "service": "database-connection"
}
