2025-07-08 07:56:46 [INFO]: Connection attempt 1 of 3 {
  "service": "database-connection"
}
2025-07-08 07:56:46 [INFO]: Connecting to database... {
  "service": "database-connection"
}
2025-07-08 07:56:47 [INFO]: Connected to database {
  "host": "localhost",
  "port": 27017,
  "database": "expense-tracker",
  "readyState": 1,
  "service": "database-connection"
}
2025-07-08 07:56:47 [INFO]: Successfully connected to database {
  "connectionTimeMs": 24,
  "mongoVersion": "8.13.0",
  "service": "database-connection"
}
2025-07-08 07:56:47 [INFO]: Initializing default data... {
  "service": "database-connection"
}
2025-07-08 07:56:47 [INFO]: Default data initialization complete {
  "service": "database-connection"
}
2025-07-08 07:58:39 [INFO]: Connection attempt 1 of 3 {
  "service": "database-connection"
}
2025-07-08 07:58:39 [INFO]: Connecting to database... {
  "service": "database-connection"
}
2025-07-08 07:58:39 [INFO]: Connected to database {
  "host": "localhost",
  "port": 27017,
  "database": "expense-tracker",
  "readyState": 1,
  "service": "database-connection"
}
2025-07-08 07:58:39 [INFO]: Successfully connected to database {
  "connectionTimeMs": 42,
  "mongoVersion": "8.13.0",
  "service": "database-connection"
}
2025-07-08 07:58:39 [INFO]: Initializing default data... {
  "service": "database-connection"
}
2025-07-08 07:58:39 [INFO]: Default data initialization complete {
  "service": "database-connection"
}
2025-07-08 08:42:35 [INFO]: Connection attempt 1 of 3 {
  "service": "database-connection"
}
2025-07-08 08:42:35 [INFO]: Connecting to database... {
  "service": "database-connection"
}
2025-07-08 08:42:35 [INFO]: Connected to database {
  "host": "localhost",
  "port": 27017,
  "database": "expense-tracker",
  "readyState": 1,
  "service": "database-connection"
}
2025-07-08 08:42:35 [INFO]: Successfully connected to database {
  "connectionTimeMs": 50,
  "mongoVersion": "8.13.0",
  "service": "database-connection"
}
2025-07-08 08:42:35 [INFO]: Initializing default data... {
  "service": "database-connection"
}
2025-07-08 08:42:35 [INFO]: Default data initialization complete {
  "service": "database-connection"
}
2025-07-08 08:42:44 [INFO]: Connection attempt 1 of 3 {
  "service": "database-connection"
}
2025-07-08 08:42:44 [INFO]: Connecting to database... {
  "service": "database-connection"
}
2025-07-08 08:42:44 [INFO]: Connected to database {
  "host": "localhost",
  "port": 27017,
  "database": "expense-tracker",
  "readyState": 1,
  "service": "database-connection"
}
2025-07-08 08:42:44 [INFO]: Successfully connected to database {
  "connectionTimeMs": 110,
  "mongoVersion": "8.13.0",
  "service": "database-connection"
}
2025-07-08 08:42:44 [INFO]: Initializing default data... {
  "service": "database-connection"
}
2025-07-08 08:42:44 [INFO]: Default data initialization complete {
  "service": "database-connection"
}
2025-07-08 08:42:50 [INFO]: Connection attempt 1 of 3 {
  "service": "database-connection"
}
2025-07-08 08:42:50 [INFO]: Connecting to database... {
  "service": "database-connection"
}
2025-07-08 08:42:50 [INFO]: Connected to database {
  "host": "localhost",
  "port": 27017,
  "database": "expense-tracker",
  "readyState": 1,
  "service": "database-connection"
}
2025-07-08 08:42:50 [INFO]: Successfully connected to database {
  "connectionTimeMs": 98,
  "mongoVersion": "8.13.0",
  "service": "database-connection"
}
2025-07-08 08:42:50 [INFO]: Initializing default data... {
  "service": "database-connection"
}
2025-07-08 08:42:51 [INFO]: Default data initialization complete {
  "service": "database-connection"
}
2025-07-08 10:07:44 [WARN]: Disconnected from database {
  "service": "database-connection"
}
