2025-03-28 05:20:13 [INFO]: Connection attempt 1 of 3 {
  "service": "database-connection"
}
2025-03-28 05:20:13 [INFO]: Connecting to database... {
  "service": "database-connection"
}
2025-03-28 05:20:13 [INFO]: Connected to database {
  "host": "localhost",
  "port": 27017,
  "database": "expense-tracker",
  "readyState": 1,
  "service": "database-connection"
}
2025-03-28 05:20:13 [INFO]: Successfully connected to database {
  "connectionTimeMs": 55,
  "mongoVersion": "8.13.0",
  "service": "database-connection"
}
2025-03-28 05:20:13 [INFO]: Initializing default data... {
  "service": "database-connection"
}
2025-03-28 05:20:13 [ERROR]: Error initializing default data {
  "error": "E11000 duplicate key error collection: expense-tracker.settings index: name_1 dup key: { name: null }",
  "stack": "MongoServerError: E11000 duplicate key error collection: expense-tracker.settings index: name_1 dup key: { name: null }\n    at InsertOneOperation.execute (/Users/masynctech/Desktop/Marcel-Expense-Project/backend/node_modules/mongodb/lib/operations/insert.js:51:19)\n    at process.processTicksAndRejections (node:internal/process/task_queues:95:5)\n    at async tryOperation (/Users/masynctech/Desktop/Marcel-Expense-Project/backend/node_modules/mongodb/lib/operations/execute_operation.js:207:20)\n    at async executeOperation (/Users/masynctech/Desktop/Marcel-Expense-Project/backend/node_modules/mongodb/lib/operations/execute_operation.js:75:16)\n    at async Collection.insertOne (/Users/masynctech/Desktop/Marcel-Expense-Project/backend/node_modules/mongodb/lib/collection.js:157:16)",
  "service": "database-connection"
}
2025-03-28 05:49:38 [INFO]: Connection attempt 1 of 3 {
  "service": "database-connection"
}
2025-03-28 05:49:38 [INFO]: Connecting to database... {
  "service": "database-connection"
}
2025-03-28 05:49:38 [INFO]: Connected to database {
  "host": "localhost",
  "port": 27017,
  "database": "expense-tracker",
  "readyState": 1,
  "service": "database-connection"
}
2025-03-28 05:49:38 [INFO]: Successfully connected to database {
  "connectionTimeMs": 61,
  "mongoVersion": "8.13.0",
  "service": "database-connection"
}
2025-03-28 05:49:38 [INFO]: Initializing default data... {
  "service": "database-connection"
}
2025-03-28 05:49:38 [ERROR]: Error initializing default data {
  "error": "E11000 duplicate key error collection: expense-tracker.settings index: name_1 dup key: { name: null }",
  "stack": "MongoServerError: E11000 duplicate key error collection: expense-tracker.settings index: name_1 dup key: { name: null }\n    at InsertOneOperation.execute (/Users/masynctech/Desktop/Marcel-Expense-Project/backend/node_modules/mongodb/lib/operations/insert.js:51:19)\n    at process.processTicksAndRejections (node:internal/process/task_queues:95:5)\n    at async tryOperation (/Users/masynctech/Desktop/Marcel-Expense-Project/backend/node_modules/mongodb/lib/operations/execute_operation.js:207:20)\n    at async executeOperation (/Users/masynctech/Desktop/Marcel-Expense-Project/backend/node_modules/mongodb/lib/operations/execute_operation.js:75:16)\n    at async Collection.insertOne (/Users/masynctech/Desktop/Marcel-Expense-Project/backend/node_modules/mongodb/lib/collection.js:157:16)",
  "service": "database-connection"
}
2025-03-28 05:49:48 [INFO]: Connection attempt 1 of 3 {
  "service": "database-connection"
}
2025-03-28 05:49:48 [INFO]: Connecting to database... {
  "service": "database-connection"
}
2025-03-28 05:49:48 [INFO]: Connected to database {
  "host": "localhost",
  "port": 27017,
  "database": "expense-tracker",
  "readyState": 1,
  "service": "database-connection"
}
2025-03-28 05:49:48 [INFO]: Successfully connected to database {
  "connectionTimeMs": 29,
  "mongoVersion": "8.13.0",
  "service": "database-connection"
}
2025-03-28 05:49:48 [INFO]: Initializing default data... {
  "service": "database-connection"
}
2025-03-28 05:49:48 [ERROR]: Error initializing default data {
  "error": "E11000 duplicate key error collection: expense-tracker.settings index: name_1 dup key: { name: null }",
  "stack": "MongoServerError: E11000 duplicate key error collection: expense-tracker.settings index: name_1 dup key: { name: null }\n    at InsertOneOperation.execute (/Users/masynctech/Desktop/Marcel-Expense-Project/backend/node_modules/mongodb/lib/operations/insert.js:51:19)\n    at process.processTicksAndRejections (node:internal/process/task_queues:95:5)\n    at async tryOperation (/Users/masynctech/Desktop/Marcel-Expense-Project/backend/node_modules/mongodb/lib/operations/execute_operation.js:207:20)\n    at async executeOperation (/Users/masynctech/Desktop/Marcel-Expense-Project/backend/node_modules/mongodb/lib/operations/execute_operation.js:75:16)\n    at async Collection.insertOne (/Users/masynctech/Desktop/Marcel-Expense-Project/backend/node_modules/mongodb/lib/collection.js:157:16)",
  "service": "database-connection"
}
2025-03-28 05:49:59 [INFO]: Connection attempt 1 of 3 {
  "service": "database-connection"
}
2025-03-28 05:49:59 [INFO]: Connecting to database... {
  "service": "database-connection"
}
2025-03-28 05:49:59 [INFO]: Connected to database {
  "host": "localhost",
  "port": 27017,
  "database": "expense-tracker",
  "readyState": 1,
  "service": "database-connection"
}
2025-03-28 05:49:59 [INFO]: Successfully connected to database {
  "connectionTimeMs": 36,
  "mongoVersion": "8.13.0",
  "service": "database-connection"
}
2025-03-28 05:49:59 [INFO]: Initializing default data... {
  "service": "database-connection"
}
2025-03-28 05:49:59 [ERROR]: Error initializing default data {
  "error": "E11000 duplicate key error collection: expense-tracker.settings index: name_1 dup key: { name: null }",
  "stack": "MongoServerError: E11000 duplicate key error collection: expense-tracker.settings index: name_1 dup key: { name: null }\n    at InsertOneOperation.execute (/Users/masynctech/Desktop/Marcel-Expense-Project/backend/node_modules/mongodb/lib/operations/insert.js:51:19)\n    at process.processTicksAndRejections (node:internal/process/task_queues:95:5)\n    at async tryOperation (/Users/masynctech/Desktop/Marcel-Expense-Project/backend/node_modules/mongodb/lib/operations/execute_operation.js:207:20)\n    at async executeOperation (/Users/masynctech/Desktop/Marcel-Expense-Project/backend/node_modules/mongodb/lib/operations/execute_operation.js:75:16)\n    at async Collection.insertOne (/Users/masynctech/Desktop/Marcel-Expense-Project/backend/node_modules/mongodb/lib/collection.js:157:16)",
  "service": "database-connection"
}
2025-03-28 05:50:14 [INFO]: Connection attempt 1 of 3 {
  "service": "database-connection"
}
2025-03-28 05:50:14 [INFO]: Connecting to database... {
  "service": "database-connection"
}
2025-03-28 05:50:14 [INFO]: Connected to database {
  "host": "localhost",
  "port": 27017,
  "database": "expense-tracker",
  "readyState": 1,
  "service": "database-connection"
}
2025-03-28 05:50:14 [INFO]: Successfully connected to database {
  "connectionTimeMs": 20,
  "mongoVersion": "8.13.0",
  "service": "database-connection"
}
2025-03-28 05:50:14 [INFO]: Initializing default data... {
  "service": "database-connection"
}
2025-03-28 05:50:14 [ERROR]: Error initializing default data {
  "error": "E11000 duplicate key error collection: expense-tracker.settings index: name_1 dup key: { name: null }",
  "stack": "MongoServerError: E11000 duplicate key error collection: expense-tracker.settings index: name_1 dup key: { name: null }\n    at InsertOneOperation.execute (/Users/masynctech/Desktop/Marcel-Expense-Project/backend/node_modules/mongodb/lib/operations/insert.js:51:19)\n    at process.processTicksAndRejections (node:internal/process/task_queues:95:5)\n    at async tryOperation (/Users/masynctech/Desktop/Marcel-Expense-Project/backend/node_modules/mongodb/lib/operations/execute_operation.js:207:20)\n    at async executeOperation (/Users/masynctech/Desktop/Marcel-Expense-Project/backend/node_modules/mongodb/lib/operations/execute_operation.js:75:16)\n    at async Collection.insertOne (/Users/masynctech/Desktop/Marcel-Expense-Project/backend/node_modules/mongodb/lib/collection.js:157:16)",
  "service": "database-connection"
}
