2025-03-26 06:52:29 [INFO]: Connection attempt 1 of 3 {
  "service": "database-connection"
}
2025-03-26 06:52:29 [INFO]: Connecting to database... {
  "service": "database-connection"
}
2025-03-26 06:52:29 [INFO]: Connected to database {
  "host": "localhost",
  "port": 27017,
  "database": "expense-tracker",
  "readyState": 1,
  "service": "database-connection"
}
2025-03-26 06:52:29 [INFO]: Successfully connected to database {
  "connectionTimeMs": 36,
  "mongoVersion": "8.13.0",
  "service": "database-connection"
}
2025-03-26 06:52:29 [INFO]: Initializing default data... {
  "service": "database-connection"
}
2025-03-26 06:52:29 [INFO]: Setting 'defaultCostPerKm' created {
  "service": "database-connection"
}
2025-03-26 06:52:29 [ERROR]: Error initializing default data {
  "error": "E11000 duplicate key error collection: expense-tracker.settings index: name_1 dup key: { name: null }",
  "stack": "MongoServerError: E11000 duplicate key error collection: expense-tracker.settings index: name_1 dup key: { name: null }\n    at InsertOneOperation.execute (/Users/masynctech/Desktop/Marcel-Expense-Project/backend/node_modules/mongodb/lib/operations/insert.js:51:19)\n    at process.processTicksAndRejections (node:internal/process/task_queues:95:5)\n    at async tryOperation (/Users/masynctech/Desktop/Marcel-Expense-Project/backend/node_modules/mongodb/lib/operations/execute_operation.js:207:20)\n    at async executeOperation (/Users/masynctech/Desktop/Marcel-Expense-Project/backend/node_modules/mongodb/lib/operations/execute_operation.js:75:16)\n    at async Collection.insertOne (/Users/masynctech/Desktop/Marcel-Expense-Project/backend/node_modules/mongodb/lib/collection.js:157:16)",
  "service": "database-connection"
}
2025-03-26 06:52:43 [INFO]: Connection attempt 1 of 3 {
  "service": "database-connection"
}
2025-03-26 06:52:43 [INFO]: Connecting to database... {
  "service": "database-connection"
}
2025-03-26 06:52:43 [INFO]: Connected to database {
  "host": "localhost",
  "port": 27017,
  "database": "expense-tracker",
  "readyState": 1,
  "service": "database-connection"
}
2025-03-26 06:52:43 [INFO]: Successfully connected to database {
  "connectionTimeMs": 31,
  "mongoVersion": "8.13.0",
  "service": "database-connection"
}
2025-03-26 06:52:43 [INFO]: Initializing default data... {
  "service": "database-connection"
}
2025-03-26 06:52:44 [ERROR]: Error initializing default data {
  "error": "E11000 duplicate key error collection: expense-tracker.settings index: name_1 dup key: { name: null }",
  "stack": "MongoServerError: E11000 duplicate key error collection: expense-tracker.settings index: name_1 dup key: { name: null }\n    at InsertOneOperation.execute (/Users/masynctech/Desktop/Marcel-Expense-Project/backend/node_modules/mongodb/lib/operations/insert.js:51:19)\n    at process.processTicksAndRejections (node:internal/process/task_queues:95:5)\n    at async tryOperation (/Users/masynctech/Desktop/Marcel-Expense-Project/backend/node_modules/mongodb/lib/operations/execute_operation.js:207:20)\n    at async executeOperation (/Users/masynctech/Desktop/Marcel-Expense-Project/backend/node_modules/mongodb/lib/operations/execute_operation.js:75:16)\n    at async Collection.insertOne (/Users/masynctech/Desktop/Marcel-Expense-Project/backend/node_modules/mongodb/lib/collection.js:157:16)",
  "service": "database-connection"
}
2025-03-26 06:52:50 [INFO]: Connection attempt 1 of 3 {
  "service": "database-connection"
}
2025-03-26 06:52:50 [INFO]: Connecting to database... {
  "service": "database-connection"
}
2025-03-26 06:52:50 [INFO]: Connected to database {
  "host": "localhost",
  "port": 27017,
  "database": "expense-tracker",
  "readyState": 1,
  "service": "database-connection"
}
2025-03-26 06:52:50 [INFO]: Successfully connected to database {
  "connectionTimeMs": 20,
  "mongoVersion": "8.13.0",
  "service": "database-connection"
}
2025-03-26 06:52:50 [INFO]: Initializing default data... {
  "service": "database-connection"
}
2025-03-26 06:52:50 [ERROR]: Error initializing default data {
  "error": "E11000 duplicate key error collection: expense-tracker.settings index: name_1 dup key: { name: null }",
  "stack": "MongoServerError: E11000 duplicate key error collection: expense-tracker.settings index: name_1 dup key: { name: null }\n    at InsertOneOperation.execute (/Users/masynctech/Desktop/Marcel-Expense-Project/backend/node_modules/mongodb/lib/operations/insert.js:51:19)\n    at process.processTicksAndRejections (node:internal/process/task_queues:95:5)\n    at async tryOperation (/Users/masynctech/Desktop/Marcel-Expense-Project/backend/node_modules/mongodb/lib/operations/execute_operation.js:207:20)\n    at async executeOperation (/Users/masynctech/Desktop/Marcel-Expense-Project/backend/node_modules/mongodb/lib/operations/execute_operation.js:75:16)\n    at async Collection.insertOne (/Users/masynctech/Desktop/Marcel-Expense-Project/backend/node_modules/mongodb/lib/collection.js:157:16)",
  "service": "database-connection"
}
2025-03-26 06:53:51 [INFO]: Connection attempt 1 of 3 {
  "service": "database-connection"
}
2025-03-26 06:53:51 [INFO]: Connecting to database... {
  "service": "database-connection"
}
2025-03-26 06:53:51 [INFO]: Connected to database {
  "host": "localhost",
  "port": 27017,
  "database": "expense-tracker",
  "readyState": 1,
  "service": "database-connection"
}
2025-03-26 06:53:51 [INFO]: Successfully connected to database {
  "connectionTimeMs": 20,
  "mongoVersion": "8.13.0",
  "service": "database-connection"
}
2025-03-26 06:53:51 [INFO]: Initializing default data... {
  "service": "database-connection"
}
2025-03-26 06:53:51 [ERROR]: Error initializing default data {
  "error": "E11000 duplicate key error collection: expense-tracker.settings index: name_1 dup key: { name: null }",
  "stack": "MongoServerError: E11000 duplicate key error collection: expense-tracker.settings index: name_1 dup key: { name: null }\n    at InsertOneOperation.execute (/Users/masynctech/Desktop/Marcel-Expense-Project/backend/node_modules/mongodb/lib/operations/insert.js:51:19)\n    at process.processTicksAndRejections (node:internal/process/task_queues:95:5)\n    at async tryOperation (/Users/masynctech/Desktop/Marcel-Expense-Project/backend/node_modules/mongodb/lib/operations/execute_operation.js:207:20)\n    at async executeOperation (/Users/masynctech/Desktop/Marcel-Expense-Project/backend/node_modules/mongodb/lib/operations/execute_operation.js:75:16)\n    at async Collection.insertOne (/Users/masynctech/Desktop/Marcel-Expense-Project/backend/node_modules/mongodb/lib/collection.js:157:16)",
  "service": "database-connection"
}
2025-03-26 06:56:41 [INFO]: Connection attempt 1 of 3 {
  "service": "database-connection"
}
2025-03-26 06:56:41 [INFO]: Connecting to database... {
  "service": "database-connection"
}
2025-03-26 06:56:41 [INFO]: Connected to database {
  "host": "localhost",
  "port": 27017,
  "database": "expense-tracker",
  "readyState": 1,
  "service": "database-connection"
}
2025-03-26 06:56:41 [INFO]: Successfully connected to database {
  "connectionTimeMs": 63,
  "mongoVersion": "8.13.0",
  "service": "database-connection"
}
2025-03-26 06:56:41 [INFO]: Initializing default data... {
  "service": "database-connection"
}
2025-03-26 06:56:41 [ERROR]: Error initializing default data {
  "error": "E11000 duplicate key error collection: expense-tracker.settings index: name_1 dup key: { name: null }",
  "stack": "MongoServerError: E11000 duplicate key error collection: expense-tracker.settings index: name_1 dup key: { name: null }\n    at InsertOneOperation.execute (/Users/masynctech/Desktop/Marcel-Expense-Project/backend/node_modules/mongodb/lib/operations/insert.js:51:19)\n    at process.processTicksAndRejections (node:internal/process/task_queues:95:5)\n    at async tryOperation (/Users/masynctech/Desktop/Marcel-Expense-Project/backend/node_modules/mongodb/lib/operations/execute_operation.js:207:20)\n    at async executeOperation (/Users/masynctech/Desktop/Marcel-Expense-Project/backend/node_modules/mongodb/lib/operations/execute_operation.js:75:16)\n    at async Collection.insertOne (/Users/masynctech/Desktop/Marcel-Expense-Project/backend/node_modules/mongodb/lib/collection.js:157:16)",
  "service": "database-connection"
}
2025-03-26 09:50:30 [WARN]: Disconnected from database {
  "service": "database-connection"
}
2025-03-26 09:50:32 [INFO]: Connection attempt 1 of 3 {
  "service": "database-connection"
}
2025-03-26 09:50:32 [INFO]: Connecting to database... {
  "service": "database-connection"
}
2025-03-26 09:50:32 [INFO]: Connected to database {
  "host": "localhost",
  "port": 27017,
  "database": "expense-tracker",
  "readyState": 1,
  "service": "database-connection"
}
2025-03-26 09:50:32 [INFO]: Successfully connected to database {
  "connectionTimeMs": 26,
  "mongoVersion": "8.13.0",
  "service": "database-connection"
}
2025-03-26 09:50:32 [INFO]: Initializing default data... {
  "service": "database-connection"
}
2025-03-26 09:50:33 [ERROR]: Error initializing default data {
  "error": "E11000 duplicate key error collection: expense-tracker.settings index: name_1 dup key: { name: null }",
  "stack": "MongoServerError: E11000 duplicate key error collection: expense-tracker.settings index: name_1 dup key: { name: null }\n    at InsertOneOperation.execute (/Users/masynctech/Desktop/Marcel-Expense-Project/backend/node_modules/mongodb/lib/operations/insert.js:51:19)\n    at process.processTicksAndRejections (node:internal/process/task_queues:95:5)\n    at async tryOperation (/Users/masynctech/Desktop/Marcel-Expense-Project/backend/node_modules/mongodb/lib/operations/execute_operation.js:207:20)\n    at async executeOperation (/Users/masynctech/Desktop/Marcel-Expense-Project/backend/node_modules/mongodb/lib/operations/execute_operation.js:75:16)\n    at async Collection.insertOne (/Users/masynctech/Desktop/Marcel-Expense-Project/backend/node_modules/mongodb/lib/collection.js:157:16)",
  "service": "database-connection"
}
2025-03-26 10:33:09 [WARN]: Disconnected from database {
  "service": "database-connection"
}
2025-03-26 10:33:39 [INFO]: Connected to database {
  "host": "localhost",
  "port": 27017,
  "database": "expense-tracker",
  "readyState": 1,
  "service": "database-connection"
}
2025-03-26 10:49:23 [WARN]: Disconnected from database {
  "service": "database-connection"
}
2025-03-26 10:49:53 [INFO]: Connected to database {
  "host": "localhost",
  "port": 27017,
  "database": "expense-tracker",
  "readyState": 1,
  "service": "database-connection"
}
2025-03-26 11:24:04 [WARN]: Disconnected from database {
  "service": "database-connection"
}
2025-03-26 11:24:34 [INFO]: Connected to database {
  "host": "localhost",
  "port": 27017,
  "database": "expense-tracker",
  "readyState": 1,
  "service": "database-connection"
}
2025-03-26 11:28:33 [WARN]: Disconnected from database {
  "service": "database-connection"
}
2025-03-26 11:29:03 [INFO]: Connected to database {
  "host": "localhost",
  "port": 27017,
  "database": "expense-tracker",
  "readyState": 1,
  "service": "database-connection"
}
2025-03-26 11:50:28 [INFO]: Connection attempt 1 of 3 {
  "service": "database-connection"
}
2025-03-26 11:50:28 [INFO]: Connecting to database... {
  "service": "database-connection"
}
2025-03-26 11:50:28 [INFO]: Connected to database {
  "host": "localhost",
  "port": 27017,
  "database": "expense-tracker",
  "readyState": 1,
  "service": "database-connection"
}
2025-03-26 11:50:28 [INFO]: Successfully connected to database {
  "connectionTimeMs": 43,
  "mongoVersion": "8.13.0",
  "service": "database-connection"
}
2025-03-26 11:50:28 [INFO]: Initializing default data... {
  "service": "database-connection"
}
2025-03-26 11:50:28 [ERROR]: Error initializing default data {
  "error": "E11000 duplicate key error collection: expense-tracker.settings index: name_1 dup key: { name: null }",
  "stack": "MongoServerError: E11000 duplicate key error collection: expense-tracker.settings index: name_1 dup key: { name: null }\n    at InsertOneOperation.execute (/Users/masynctech/Desktop/Marcel-Expense-Project/backend/node_modules/mongodb/lib/operations/insert.js:51:19)\n    at process.processTicksAndRejections (node:internal/process/task_queues:95:5)\n    at async tryOperation (/Users/masynctech/Desktop/Marcel-Expense-Project/backend/node_modules/mongodb/lib/operations/execute_operation.js:207:20)\n    at async executeOperation (/Users/masynctech/Desktop/Marcel-Expense-Project/backend/node_modules/mongodb/lib/operations/execute_operation.js:75:16)\n    at async Collection.insertOne (/Users/masynctech/Desktop/Marcel-Expense-Project/backend/node_modules/mongodb/lib/collection.js:157:16)",
  "service": "database-connection"
}
2025-03-26 12:01:44 [INFO]: Connection attempt 1 of 3 {
  "service": "database-connection"
}
2025-03-26 12:01:44 [INFO]: Connecting to database... {
  "service": "database-connection"
}
2025-03-26 12:01:44 [INFO]: Connected to database {
  "host": "localhost",
  "port": 27017,
  "database": "expense-tracker",
  "readyState": 1,
  "service": "database-connection"
}
2025-03-26 12:01:44 [INFO]: Successfully connected to database {
  "connectionTimeMs": 40,
  "mongoVersion": "8.13.0",
  "service": "database-connection"
}
2025-03-26 12:01:44 [INFO]: Initializing default data... {
  "service": "database-connection"
}
2025-03-26 12:01:44 [ERROR]: Error initializing default data {
  "error": "E11000 duplicate key error collection: expense-tracker.settings index: name_1 dup key: { name: null }",
  "stack": "MongoServerError: E11000 duplicate key error collection: expense-tracker.settings index: name_1 dup key: { name: null }\n    at InsertOneOperation.execute (/Users/masynctech/Desktop/Marcel-Expense-Project/backend/node_modules/mongodb/lib/operations/insert.js:51:19)\n    at process.processTicksAndRejections (node:internal/process/task_queues:95:5)\n    at async tryOperation (/Users/masynctech/Desktop/Marcel-Expense-Project/backend/node_modules/mongodb/lib/operations/execute_operation.js:207:20)\n    at async executeOperation (/Users/masynctech/Desktop/Marcel-Expense-Project/backend/node_modules/mongodb/lib/operations/execute_operation.js:75:16)\n    at async Collection.insertOne (/Users/masynctech/Desktop/Marcel-Expense-Project/backend/node_modules/mongodb/lib/collection.js:157:16)",
  "service": "database-connection"
}
2025-03-26 12:03:57 [INFO]: Connection attempt 1 of 3 {
  "service": "database-connection"
}
2025-03-26 12:03:57 [INFO]: Connecting to database... {
  "service": "database-connection"
}
2025-03-26 12:03:57 [INFO]: Connected to database {
  "host": "localhost",
  "port": 27017,
  "database": "expense-tracker",
  "readyState": 1,
  "service": "database-connection"
}
2025-03-26 12:03:57 [INFO]: Successfully connected to database {
  "connectionTimeMs": 29,
  "mongoVersion": "8.13.0",
  "service": "database-connection"
}
2025-03-26 12:03:57 [INFO]: Initializing default data... {
  "service": "database-connection"
}
2025-03-26 12:03:57 [ERROR]: Error initializing default data {
  "error": "E11000 duplicate key error collection: expense-tracker.settings index: name_1 dup key: { name: null }",
  "stack": "MongoServerError: E11000 duplicate key error collection: expense-tracker.settings index: name_1 dup key: { name: null }\n    at InsertOneOperation.execute (/Users/masynctech/Desktop/Marcel-Expense-Project/backend/node_modules/mongodb/lib/operations/insert.js:51:19)\n    at process.processTicksAndRejections (node:internal/process/task_queues:95:5)\n    at async tryOperation (/Users/masynctech/Desktop/Marcel-Expense-Project/backend/node_modules/mongodb/lib/operations/execute_operation.js:207:20)\n    at async executeOperation (/Users/masynctech/Desktop/Marcel-Expense-Project/backend/node_modules/mongodb/lib/operations/execute_operation.js:75:16)\n    at async Collection.insertOne (/Users/masynctech/Desktop/Marcel-Expense-Project/backend/node_modules/mongodb/lib/collection.js:157:16)",
  "service": "database-connection"
}
2025-03-26 12:04:25 [INFO]: Connection attempt 1 of 3 {
  "service": "database-connection"
}
2025-03-26 12:04:25 [INFO]: Connecting to database... {
  "service": "database-connection"
}
2025-03-26 12:04:25 [INFO]: Connected to database {
  "host": "localhost",
  "port": 27017,
  "database": "expense-tracker",
  "readyState": 1,
  "service": "database-connection"
}
2025-03-26 12:04:25 [INFO]: Successfully connected to database {
  "connectionTimeMs": 23,
  "mongoVersion": "8.13.0",
  "service": "database-connection"
}
2025-03-26 12:04:25 [INFO]: Initializing default data... {
  "service": "database-connection"
}
2025-03-26 12:04:25 [ERROR]: Error initializing default data {
  "error": "E11000 duplicate key error collection: expense-tracker.settings index: name_1 dup key: { name: null }",
  "stack": "MongoServerError: E11000 duplicate key error collection: expense-tracker.settings index: name_1 dup key: { name: null }\n    at InsertOneOperation.execute (/Users/masynctech/Desktop/Marcel-Expense-Project/backend/node_modules/mongodb/lib/operations/insert.js:51:19)\n    at process.processTicksAndRejections (node:internal/process/task_queues:95:5)\n    at async tryOperation (/Users/masynctech/Desktop/Marcel-Expense-Project/backend/node_modules/mongodb/lib/operations/execute_operation.js:207:20)\n    at async executeOperation (/Users/masynctech/Desktop/Marcel-Expense-Project/backend/node_modules/mongodb/lib/operations/execute_operation.js:75:16)\n    at async Collection.insertOne (/Users/masynctech/Desktop/Marcel-Expense-Project/backend/node_modules/mongodb/lib/collection.js:157:16)",
  "service": "database-connection"
}
2025-03-26 12:41:08 [INFO]: Connection attempt 1 of 3 {
  "service": "database-connection"
}
2025-03-26 12:41:08 [INFO]: Connecting to database... {
  "service": "database-connection"
}
2025-03-26 12:41:08 [INFO]: Connected to database {
  "host": "localhost",
  "port": 27017,
  "database": "expense-tracker",
  "readyState": 1,
  "service": "database-connection"
}
2025-03-26 12:41:08 [INFO]: Successfully connected to database {
  "connectionTimeMs": 29,
  "mongoVersion": "8.13.0",
  "service": "database-connection"
}
2025-03-26 12:41:08 [INFO]: Initializing default data... {
  "service": "database-connection"
}
2025-03-26 12:41:08 [INFO]: Category 'Tolls' created {
  "service": "database-connection"
}
2025-03-26 12:41:08 [ERROR]: Error initializing default data {
  "error": "E11000 duplicate key error collection: expense-tracker.settings index: name_1 dup key: { name: null }",
  "stack": "MongoServerError: E11000 duplicate key error collection: expense-tracker.settings index: name_1 dup key: { name: null }\n    at InsertOneOperation.execute (/Users/masynctech/Desktop/Marcel-Expense-Project/backend/node_modules/mongodb/lib/operations/insert.js:51:19)\n    at process.processTicksAndRejections (node:internal/process/task_queues:95:5)\n    at async tryOperation (/Users/masynctech/Desktop/Marcel-Expense-Project/backend/node_modules/mongodb/lib/operations/execute_operation.js:207:20)\n    at async executeOperation (/Users/masynctech/Desktop/Marcel-Expense-Project/backend/node_modules/mongodb/lib/operations/execute_operation.js:75:16)\n    at async Collection.insertOne (/Users/masynctech/Desktop/Marcel-Expense-Project/backend/node_modules/mongodb/lib/collection.js:157:16)",
  "service": "database-connection"
}
2025-03-26 12:53:23 [WARN]: Disconnected from database {
  "service": "database-connection"
}
2025-03-26 12:53:53 [INFO]: Connected to database {
  "host": "localhost",
  "port": 27017,
  "database": "expense-tracker",
  "readyState": 1,
  "service": "database-connection"
}
2025-03-26 13:02:17 [INFO]: Connection attempt 1 of 3 {
  "service": "database-connection"
}
2025-03-26 13:02:17 [INFO]: Connecting to database... {
  "service": "database-connection"
}
2025-03-26 13:02:17 [INFO]: Connected to database {
  "host": "localhost",
  "port": 27017,
  "database": "expense-tracker",
  "readyState": 1,
  "service": "database-connection"
}
2025-03-26 13:02:17 [INFO]: Successfully connected to database {
  "connectionTimeMs": 26,
  "mongoVersion": "8.13.0",
  "service": "database-connection"
}
2025-03-26 13:02:17 [INFO]: Initializing default data... {
  "service": "database-connection"
}
2025-03-26 13:02:17 [INFO]: Category 'Maintenance' created {
  "service": "database-connection"
}
2025-03-26 13:02:17 [ERROR]: Error initializing default data {
  "error": "E11000 duplicate key error collection: expense-tracker.settings index: name_1 dup key: { name: null }",
  "stack": "MongoServerError: E11000 duplicate key error collection: expense-tracker.settings index: name_1 dup key: { name: null }\n    at InsertOneOperation.execute (/Users/masynctech/Desktop/Marcel-Expense-Project/backend/node_modules/mongodb/lib/operations/insert.js:51:19)\n    at process.processTicksAndRejections (node:internal/process/task_queues:95:5)\n    at async tryOperation (/Users/masynctech/Desktop/Marcel-Expense-Project/backend/node_modules/mongodb/lib/operations/execute_operation.js:207:20)\n    at async executeOperation (/Users/masynctech/Desktop/Marcel-Expense-Project/backend/node_modules/mongodb/lib/operations/execute_operation.js:75:16)\n    at async Collection.insertOne (/Users/masynctech/Desktop/Marcel-Expense-Project/backend/node_modules/mongodb/lib/collection.js:157:16)",
  "service": "database-connection"
}
2025-03-26 14:13:57 [WARN]: Disconnected from database {
  "service": "database-connection"
}
2025-03-26 14:14:28 [INFO]: Connected to database {
  "host": "localhost",
  "port": 27017,
  "database": "expense-tracker",
  "readyState": 1,
  "service": "database-connection"
}
2025-03-26 14:30:52 [WARN]: Disconnected from database {
  "service": "database-connection"
}
2025-03-26 14:31:22 [INFO]: Connected to database {
  "host": "localhost",
  "port": 27017,
  "database": "expense-tracker",
  "readyState": 1,
  "service": "database-connection"
}
2025-03-26 14:48:30 [WARN]: Disconnected from database {
  "service": "database-connection"
}
2025-03-26 14:49:00 [INFO]: Connected to database {
  "host": "localhost",
  "port": 27017,
  "database": "expense-tracker",
  "readyState": 1,
  "service": "database-connection"
}
2025-03-26 15:04:33 [WARN]: Disconnected from database {
  "service": "database-connection"
}
2025-03-26 15:05:03 [INFO]: Connected to database {
  "host": "localhost",
  "port": 27017,
  "database": "expense-tracker",
  "readyState": 1,
  "service": "database-connection"
}
2025-03-26 15:22:38 [WARN]: Disconnected from database {
  "service": "database-connection"
}
2025-03-26 15:23:08 [INFO]: Connected to database {
  "host": "localhost",
  "port": 27017,
  "database": "expense-tracker",
  "readyState": 1,
  "service": "database-connection"
}
2025-03-26 15:38:37 [WARN]: Disconnected from database {
  "service": "database-connection"
}
2025-03-26 15:39:07 [INFO]: Connected to database {
  "host": "localhost",
  "port": 27017,
  "database": "expense-tracker",
  "readyState": 1,
  "service": "database-connection"
}
2025-03-26 15:44:41 [WARN]: Disconnected from database {
  "service": "database-connection"
}
2025-03-26 15:45:11 [INFO]: Connected to database {
  "host": "localhost",
  "port": 27017,
  "database": "expense-tracker",
  "readyState": 1,
  "service": "database-connection"
}
2025-03-26 19:11:57 [INFO]: Connection attempt 1 of 3 {
  "service": "database-connection"
}
2025-03-26 19:11:57 [INFO]: Connecting to database... {
  "service": "database-connection"
}
2025-03-26 19:11:57 [INFO]: Connected to database {
  "host": "localhost",
  "port": 27017,
  "database": "expense-tracker",
  "readyState": 1,
  "service": "database-connection"
}
2025-03-26 19:11:57 [INFO]: Successfully connected to database {
  "connectionTimeMs": 27,
  "mongoVersion": "8.13.0",
  "service": "database-connection"
}
2025-03-26 19:11:57 [INFO]: Initializing default data... {
  "service": "database-connection"
}
2025-03-26 19:11:57 [ERROR]: Error initializing default data {
  "error": "E11000 duplicate key error collection: expense-tracker.settings index: name_1 dup key: { name: null }",
  "stack": "MongoServerError: E11000 duplicate key error collection: expense-tracker.settings index: name_1 dup key: { name: null }\n    at InsertOneOperation.execute (/Users/masynctech/Desktop/Marcel-Expense-Project/backend/node_modules/mongodb/lib/operations/insert.js:51:19)\n    at process.processTicksAndRejections (node:internal/process/task_queues:95:5)\n    at async tryOperation (/Users/masynctech/Desktop/Marcel-Expense-Project/backend/node_modules/mongodb/lib/operations/execute_operation.js:207:20)\n    at async executeOperation (/Users/masynctech/Desktop/Marcel-Expense-Project/backend/node_modules/mongodb/lib/operations/execute_operation.js:75:16)\n    at async Collection.insertOne (/Users/masynctech/Desktop/Marcel-Expense-Project/backend/node_modules/mongodb/lib/collection.js:157:16)",
  "service": "database-connection"
}
2025-03-26 19:22:50 [INFO]: Connection attempt 1 of 3 {
  "service": "database-connection"
}
2025-03-26 19:22:50 [INFO]: Connecting to database... {
  "service": "database-connection"
}
2025-03-26 19:22:50 [INFO]: Connected to database {
  "host": "localhost",
  "port": 27017,
  "database": "expense-tracker",
  "readyState": 1,
  "service": "database-connection"
}
2025-03-26 19:22:50 [INFO]: Successfully connected to database {
  "connectionTimeMs": 25,
  "mongoVersion": "8.13.0",
  "service": "database-connection"
}
2025-03-26 19:22:50 [INFO]: Initializing default data... {
  "service": "database-connection"
}
2025-03-26 19:22:50 [ERROR]: Error initializing default data {
  "error": "E11000 duplicate key error collection: expense-tracker.settings index: name_1 dup key: { name: null }",
  "stack": "MongoServerError: E11000 duplicate key error collection: expense-tracker.settings index: name_1 dup key: { name: null }\n    at InsertOneOperation.execute (/Users/masynctech/Desktop/Marcel-Expense-Project/backend/node_modules/mongodb/lib/operations/insert.js:51:19)\n    at process.processTicksAndRejections (node:internal/process/task_queues:95:5)\n    at async tryOperation (/Users/masynctech/Desktop/Marcel-Expense-Project/backend/node_modules/mongodb/lib/operations/execute_operation.js:207:20)\n    at async executeOperation (/Users/masynctech/Desktop/Marcel-Expense-Project/backend/node_modules/mongodb/lib/operations/execute_operation.js:75:16)\n    at async Collection.insertOne (/Users/masynctech/Desktop/Marcel-Expense-Project/backend/node_modules/mongodb/lib/collection.js:157:16)",
  "service": "database-connection"
}
2025-03-26 19:22:52 [INFO]: Connection attempt 1 of 3 {
  "service": "database-connection"
}
2025-03-26 19:22:52 [INFO]: Connecting to database... {
  "service": "database-connection"
}
2025-03-26 19:22:52 [INFO]: Connected to database {
  "host": "localhost",
  "port": 27017,
  "database": "expense-tracker",
  "readyState": 1,
  "service": "database-connection"
}
2025-03-26 19:22:52 [INFO]: Successfully connected to database {
  "connectionTimeMs": 26,
  "mongoVersion": "8.13.0",
  "service": "database-connection"
}
2025-03-26 19:22:52 [INFO]: Initializing default data... {
  "service": "database-connection"
}
2025-03-26 19:22:52 [ERROR]: Error initializing default data {
  "error": "E11000 duplicate key error collection: expense-tracker.settings index: name_1 dup key: { name: null }",
  "stack": "MongoServerError: E11000 duplicate key error collection: expense-tracker.settings index: name_1 dup key: { name: null }\n    at InsertOneOperation.execute (/Users/masynctech/Desktop/Marcel-Expense-Project/backend/node_modules/mongodb/lib/operations/insert.js:51:19)\n    at process.processTicksAndRejections (node:internal/process/task_queues:95:5)\n    at async tryOperation (/Users/masynctech/Desktop/Marcel-Expense-Project/backend/node_modules/mongodb/lib/operations/execute_operation.js:207:20)\n    at async executeOperation (/Users/masynctech/Desktop/Marcel-Expense-Project/backend/node_modules/mongodb/lib/operations/execute_operation.js:75:16)\n    at async Collection.insertOne (/Users/masynctech/Desktop/Marcel-Expense-Project/backend/node_modules/mongodb/lib/collection.js:157:16)",
  "service": "database-connection"
}
2025-03-26 19:23:01 [INFO]: Connection attempt 1 of 3 {
  "service": "database-connection"
}
2025-03-26 19:23:01 [INFO]: Connecting to database... {
  "service": "database-connection"
}
2025-03-26 19:23:01 [INFO]: Connected to database {
  "host": "localhost",
  "port": 27017,
  "database": "expense-tracker",
  "readyState": 1,
  "service": "database-connection"
}
2025-03-26 19:23:01 [INFO]: Successfully connected to database {
  "connectionTimeMs": 47,
  "mongoVersion": "8.13.0",
  "service": "database-connection"
}
2025-03-26 19:23:01 [INFO]: Initializing default data... {
  "service": "database-connection"
}
2025-03-26 19:23:01 [ERROR]: Error initializing default data {
  "error": "E11000 duplicate key error collection: expense-tracker.settings index: name_1 dup key: { name: null }",
  "stack": "MongoServerError: E11000 duplicate key error collection: expense-tracker.settings index: name_1 dup key: { name: null }\n    at InsertOneOperation.execute (/Users/masynctech/Desktop/Marcel-Expense-Project/backend/node_modules/mongodb/lib/operations/insert.js:51:19)\n    at process.processTicksAndRejections (node:internal/process/task_queues:95:5)\n    at async tryOperation (/Users/masynctech/Desktop/Marcel-Expense-Project/backend/node_modules/mongodb/lib/operations/execute_operation.js:207:20)\n    at async executeOperation (/Users/masynctech/Desktop/Marcel-Expense-Project/backend/node_modules/mongodb/lib/operations/execute_operation.js:75:16)\n    at async Collection.insertOne (/Users/masynctech/Desktop/Marcel-Expense-Project/backend/node_modules/mongodb/lib/collection.js:157:16)",
  "service": "database-connection"
}
2025-03-26 19:23:16 [INFO]: Connection attempt 1 of 3 {
  "service": "database-connection"
}
2025-03-26 19:23:16 [INFO]: Connecting to database... {
  "service": "database-connection"
}
2025-03-26 19:23:16 [INFO]: Connected to database {
  "host": "localhost",
  "port": 27017,
  "database": "expense-tracker",
  "readyState": 1,
  "service": "database-connection"
}
2025-03-26 19:23:16 [INFO]: Successfully connected to database {
  "connectionTimeMs": 19,
  "mongoVersion": "8.13.0",
  "service": "database-connection"
}
2025-03-26 19:23:16 [INFO]: Initializing default data... {
  "service": "database-connection"
}
2025-03-26 19:23:17 [ERROR]: Error initializing default data {
  "error": "E11000 duplicate key error collection: expense-tracker.settings index: name_1 dup key: { name: null }",
  "stack": "MongoServerError: E11000 duplicate key error collection: expense-tracker.settings index: name_1 dup key: { name: null }\n    at InsertOneOperation.execute (/Users/masynctech/Desktop/Marcel-Expense-Project/backend/node_modules/mongodb/lib/operations/insert.js:51:19)\n    at process.processTicksAndRejections (node:internal/process/task_queues:95:5)\n    at async tryOperation (/Users/masynctech/Desktop/Marcel-Expense-Project/backend/node_modules/mongodb/lib/operations/execute_operation.js:207:20)\n    at async executeOperation (/Users/masynctech/Desktop/Marcel-Expense-Project/backend/node_modules/mongodb/lib/operations/execute_operation.js:75:16)\n    at async Collection.insertOne (/Users/masynctech/Desktop/Marcel-Expense-Project/backend/node_modules/mongodb/lib/collection.js:157:16)",
  "service": "database-connection"
}
2025-03-26 19:23:19 [INFO]: Connection attempt 1 of 3 {
  "service": "database-connection"
}
2025-03-26 19:23:19 [INFO]: Connecting to database... {
  "service": "database-connection"
}
2025-03-26 19:23:19 [INFO]: Connected to database {
  "host": "localhost",
  "port": 27017,
  "database": "expense-tracker",
  "readyState": 1,
  "service": "database-connection"
}
2025-03-26 19:23:19 [INFO]: Successfully connected to database {
  "connectionTimeMs": 19,
  "mongoVersion": "8.13.0",
  "service": "database-connection"
}
2025-03-26 19:23:19 [INFO]: Initializing default data... {
  "service": "database-connection"
}
2025-03-26 19:23:19 [ERROR]: Error initializing default data {
  "error": "E11000 duplicate key error collection: expense-tracker.settings index: name_1 dup key: { name: null }",
  "stack": "MongoServerError: E11000 duplicate key error collection: expense-tracker.settings index: name_1 dup key: { name: null }\n    at InsertOneOperation.execute (/Users/masynctech/Desktop/Marcel-Expense-Project/backend/node_modules/mongodb/lib/operations/insert.js:51:19)\n    at process.processTicksAndRejections (node:internal/process/task_queues:95:5)\n    at async tryOperation (/Users/masynctech/Desktop/Marcel-Expense-Project/backend/node_modules/mongodb/lib/operations/execute_operation.js:207:20)\n    at async executeOperation (/Users/masynctech/Desktop/Marcel-Expense-Project/backend/node_modules/mongodb/lib/operations/execute_operation.js:75:16)\n    at async Collection.insertOne (/Users/masynctech/Desktop/Marcel-Expense-Project/backend/node_modules/mongodb/lib/collection.js:157:16)",
  "service": "database-connection"
}
2025-03-26 19:24:49 [INFO]: Connection attempt 1 of 3 {
  "service": "database-connection"
}
2025-03-26 19:24:49 [INFO]: Connecting to database... {
  "service": "database-connection"
}
2025-03-26 19:24:49 [INFO]: Connected to database {
  "host": "localhost",
  "port": 27017,
  "database": "expense-tracker",
  "readyState": 1,
  "service": "database-connection"
}
2025-03-26 19:24:49 [INFO]: Successfully connected to database {
  "connectionTimeMs": 19,
  "mongoVersion": "8.13.0",
  "service": "database-connection"
}
2025-03-26 19:24:49 [INFO]: Initializing default data... {
  "service": "database-connection"
}
2025-03-26 19:24:49 [ERROR]: Error initializing default data {
  "error": "E11000 duplicate key error collection: expense-tracker.settings index: name_1 dup key: { name: null }",
  "stack": "MongoServerError: E11000 duplicate key error collection: expense-tracker.settings index: name_1 dup key: { name: null }\n    at InsertOneOperation.execute (/Users/masynctech/Desktop/Marcel-Expense-Project/backend/node_modules/mongodb/lib/operations/insert.js:51:19)\n    at process.processTicksAndRejections (node:internal/process/task_queues:95:5)\n    at async tryOperation (/Users/masynctech/Desktop/Marcel-Expense-Project/backend/node_modules/mongodb/lib/operations/execute_operation.js:207:20)\n    at async executeOperation (/Users/masynctech/Desktop/Marcel-Expense-Project/backend/node_modules/mongodb/lib/operations/execute_operation.js:75:16)\n    at async Collection.insertOne (/Users/masynctech/Desktop/Marcel-Expense-Project/backend/node_modules/mongodb/lib/collection.js:157:16)",
  "service": "database-connection"
}
2025-03-26 19:25:14 [WARN]: Disconnected from database {
  "service": "database-connection"
}
2025-03-26 19:25:16 [INFO]: Connection attempt 1 of 3 {
  "service": "database-connection"
}
2025-03-26 19:25:16 [INFO]: Connecting to database... {
  "service": "database-connection"
}
2025-03-26 19:25:16 [INFO]: Connected to database {
  "host": "localhost",
  "port": 27017,
  "database": "expense-tracker",
  "readyState": 1,
  "service": "database-connection"
}
2025-03-26 19:25:16 [INFO]: Successfully connected to database {
  "connectionTimeMs": 20,
  "mongoVersion": "8.13.0",
  "service": "database-connection"
}
2025-03-26 19:25:16 [INFO]: Initializing default data... {
  "service": "database-connection"
}
2025-03-26 19:25:16 [ERROR]: Error initializing default data {
  "error": "E11000 duplicate key error collection: expense-tracker.settings index: name_1 dup key: { name: null }",
  "stack": "MongoServerError: E11000 duplicate key error collection: expense-tracker.settings index: name_1 dup key: { name: null }\n    at InsertOneOperation.execute (/Users/masynctech/Desktop/Marcel-Expense-Project/backend/node_modules/mongodb/lib/operations/insert.js:51:19)\n    at process.processTicksAndRejections (node:internal/process/task_queues:95:5)\n    at async tryOperation (/Users/masynctech/Desktop/Marcel-Expense-Project/backend/node_modules/mongodb/lib/operations/execute_operation.js:207:20)\n    at async executeOperation (/Users/masynctech/Desktop/Marcel-Expense-Project/backend/node_modules/mongodb/lib/operations/execute_operation.js:75:16)\n    at async Collection.insertOne (/Users/masynctech/Desktop/Marcel-Expense-Project/backend/node_modules/mongodb/lib/collection.js:157:16)",
  "service": "database-connection"
}
2025-03-26 19:26:02 [INFO]: Connection attempt 1 of 3 {
  "service": "database-connection"
}
2025-03-26 19:26:02 [INFO]: Connecting to database... {
  "service": "database-connection"
}
2025-03-26 19:26:02 [INFO]: Connected to database {
  "host": "localhost",
  "port": 27017,
  "database": "expense-tracker",
  "readyState": 1,
  "service": "database-connection"
}
2025-03-26 19:26:02 [INFO]: Successfully connected to database {
  "connectionTimeMs": 19,
  "mongoVersion": "8.13.0",
  "service": "database-connection"
}
2025-03-26 19:26:02 [INFO]: Initializing default data... {
  "service": "database-connection"
}
2025-03-26 19:26:03 [ERROR]: Error initializing default data {
  "error": "E11000 duplicate key error collection: expense-tracker.settings index: name_1 dup key: { name: null }",
  "stack": "MongoServerError: E11000 duplicate key error collection: expense-tracker.settings index: name_1 dup key: { name: null }\n    at InsertOneOperation.execute (/Users/masynctech/Desktop/Marcel-Expense-Project/backend/node_modules/mongodb/lib/operations/insert.js:51:19)\n    at process.processTicksAndRejections (node:internal/process/task_queues:95:5)\n    at async tryOperation (/Users/masynctech/Desktop/Marcel-Expense-Project/backend/node_modules/mongodb/lib/operations/execute_operation.js:207:20)\n    at async executeOperation (/Users/masynctech/Desktop/Marcel-Expense-Project/backend/node_modules/mongodb/lib/operations/execute_operation.js:75:16)\n    at async Collection.insertOne (/Users/masynctech/Desktop/Marcel-Expense-Project/backend/node_modules/mongodb/lib/collection.js:157:16)",
  "service": "database-connection"
}
2025-03-26 19:27:36 [INFO]: Connection attempt 1 of 3 {
  "service": "database-connection"
}
2025-03-26 19:27:36 [INFO]: Connecting to database... {
  "service": "database-connection"
}
2025-03-26 19:27:36 [INFO]: Connected to database {
  "host": "localhost",
  "port": 27017,
  "database": "expense-tracker",
  "readyState": 1,
  "service": "database-connection"
}
2025-03-26 19:27:36 [INFO]: Successfully connected to database {
  "connectionTimeMs": 33,
  "mongoVersion": "8.13.0",
  "service": "database-connection"
}
2025-03-26 19:27:36 [INFO]: Initializing default data... {
  "service": "database-connection"
}
2025-03-26 19:27:36 [ERROR]: Error initializing default data {
  "error": "E11000 duplicate key error collection: expense-tracker.settings index: name_1 dup key: { name: null }",
  "stack": "MongoServerError: E11000 duplicate key error collection: expense-tracker.settings index: name_1 dup key: { name: null }\n    at InsertOneOperation.execute (/Users/masynctech/Desktop/Marcel-Expense-Project/backend/node_modules/mongodb/lib/operations/insert.js:51:19)\n    at process.processTicksAndRejections (node:internal/process/task_queues:95:5)\n    at async tryOperation (/Users/masynctech/Desktop/Marcel-Expense-Project/backend/node_modules/mongodb/lib/operations/execute_operation.js:207:20)\n    at async executeOperation (/Users/masynctech/Desktop/Marcel-Expense-Project/backend/node_modules/mongodb/lib/operations/execute_operation.js:75:16)\n    at async Collection.insertOne (/Users/masynctech/Desktop/Marcel-Expense-Project/backend/node_modules/mongodb/lib/collection.js:157:16)",
  "service": "database-connection"
}
2025-03-26 19:27:46 [INFO]: Connection attempt 1 of 3 {
  "service": "database-connection"
}
2025-03-26 19:27:46 [INFO]: Connecting to database... {
  "service": "database-connection"
}
2025-03-26 19:27:46 [INFO]: Connected to database {
  "host": "localhost",
  "port": 27017,
  "database": "expense-tracker",
  "readyState": 1,
  "service": "database-connection"
}
2025-03-26 19:27:46 [INFO]: Successfully connected to database {
  "connectionTimeMs": 31,
  "mongoVersion": "8.13.0",
  "service": "database-connection"
}
2025-03-26 19:27:46 [INFO]: Initializing default data... {
  "service": "database-connection"
}
2025-03-26 19:27:46 [ERROR]: Error initializing default data {
  "error": "E11000 duplicate key error collection: expense-tracker.settings index: name_1 dup key: { name: null }",
  "stack": "MongoServerError: E11000 duplicate key error collection: expense-tracker.settings index: name_1 dup key: { name: null }\n    at InsertOneOperation.execute (/Users/masynctech/Desktop/Marcel-Expense-Project/backend/node_modules/mongodb/lib/operations/insert.js:51:19)\n    at process.processTicksAndRejections (node:internal/process/task_queues:95:5)\n    at async tryOperation (/Users/masynctech/Desktop/Marcel-Expense-Project/backend/node_modules/mongodb/lib/operations/execute_operation.js:207:20)\n    at async executeOperation (/Users/masynctech/Desktop/Marcel-Expense-Project/backend/node_modules/mongodb/lib/operations/execute_operation.js:75:16)\n    at async Collection.insertOne (/Users/masynctech/Desktop/Marcel-Expense-Project/backend/node_modules/mongodb/lib/collection.js:157:16)",
  "service": "database-connection"
}
2025-03-26 19:31:39 [INFO]: Connection attempt 1 of 3 {
  "service": "database-connection"
}
2025-03-26 19:31:39 [INFO]: Connecting to database... {
  "service": "database-connection"
}
2025-03-26 19:31:39 [INFO]: Connected to database {
  "host": "localhost",
  "port": 27017,
  "database": "expense-tracker",
  "readyState": 1,
  "service": "database-connection"
}
2025-03-26 19:31:39 [INFO]: Successfully connected to database {
  "connectionTimeMs": 30,
  "mongoVersion": "8.13.0",
  "service": "database-connection"
}
2025-03-26 19:31:39 [INFO]: Initializing default data... {
  "service": "database-connection"
}
2025-03-26 19:31:39 [ERROR]: Error initializing default data {
  "error": "E11000 duplicate key error collection: expense-tracker.settings index: name_1 dup key: { name: null }",
  "stack": "MongoServerError: E11000 duplicate key error collection: expense-tracker.settings index: name_1 dup key: { name: null }\n    at InsertOneOperation.execute (/Users/masynctech/Desktop/Marcel-Expense-Project/backend/node_modules/mongodb/lib/operations/insert.js:51:19)\n    at process.processTicksAndRejections (node:internal/process/task_queues:95:5)\n    at async tryOperation (/Users/masynctech/Desktop/Marcel-Expense-Project/backend/node_modules/mongodb/lib/operations/execute_operation.js:207:20)\n    at async executeOperation (/Users/masynctech/Desktop/Marcel-Expense-Project/backend/node_modules/mongodb/lib/operations/execute_operation.js:75:16)\n    at async Collection.insertOne (/Users/masynctech/Desktop/Marcel-Expense-Project/backend/node_modules/mongodb/lib/collection.js:157:16)",
  "service": "database-connection"
}
2025-03-26 19:31:44 [WARN]: Disconnected from database {
  "service": "database-connection"
}
2025-03-26 19:41:31 [INFO]: Connection attempt 1 of 3 {
  "service": "database-connection"
}
2025-03-26 19:41:31 [INFO]: Connecting to database... {
  "service": "database-connection"
}
2025-03-26 19:41:31 [INFO]: Connected to database {
  "host": "localhost",
  "port": 27017,
  "database": "expense-tracker",
  "readyState": 1,
  "service": "database-connection"
}
2025-03-26 19:41:31 [INFO]: Successfully connected to database {
  "connectionTimeMs": 20,
  "mongoVersion": "8.13.0",
  "service": "database-connection"
}
2025-03-26 19:41:31 [INFO]: Initializing default data... {
  "service": "database-connection"
}
2025-03-26 19:41:31 [ERROR]: Error initializing default data {
  "error": "E11000 duplicate key error collection: expense-tracker.settings index: name_1 dup key: { name: null }",
  "stack": "MongoServerError: E11000 duplicate key error collection: expense-tracker.settings index: name_1 dup key: { name: null }\n    at InsertOneOperation.execute (/Users/masynctech/Desktop/Marcel-Expense-Project/backend/node_modules/mongodb/lib/operations/insert.js:51:19)\n    at process.processTicksAndRejections (node:internal/process/task_queues:95:5)\n    at async tryOperation (/Users/masynctech/Desktop/Marcel-Expense-Project/backend/node_modules/mongodb/lib/operations/execute_operation.js:207:20)\n    at async executeOperation (/Users/masynctech/Desktop/Marcel-Expense-Project/backend/node_modules/mongodb/lib/operations/execute_operation.js:75:16)\n    at async Collection.insertOne (/Users/masynctech/Desktop/Marcel-Expense-Project/backend/node_modules/mongodb/lib/collection.js:157:16)",
  "service": "database-connection"
}
2025-03-26 19:44:49 [WARN]: Disconnected from database {
  "service": "database-connection"
}
2025-03-26 19:46:09 [INFO]: Connection attempt 1 of 3 {
  "service": "database-connection"
}
2025-03-26 19:46:09 [INFO]: Connecting to database... {
  "service": "database-connection"
}
2025-03-26 19:46:09 [INFO]: Connected to database {
  "host": "localhost",
  "port": 27017,
  "database": "expense-tracker",
  "readyState": 1,
  "service": "database-connection"
}
2025-03-26 19:46:09 [INFO]: Successfully connected to database {
  "connectionTimeMs": 22,
  "mongoVersion": "8.13.0",
  "service": "database-connection"
}
2025-03-26 19:46:09 [INFO]: Initializing default data... {
  "service": "database-connection"
}
2025-03-26 19:46:09 [ERROR]: Error initializing default data {
  "error": "E11000 duplicate key error collection: expense-tracker.settings index: name_1 dup key: { name: null }",
  "stack": "MongoServerError: E11000 duplicate key error collection: expense-tracker.settings index: name_1 dup key: { name: null }\n    at InsertOneOperation.execute (/Users/masynctech/Desktop/Marcel-Expense-Project/backend/node_modules/mongodb/lib/operations/insert.js:51:19)\n    at process.processTicksAndRejections (node:internal/process/task_queues:95:5)\n    at async tryOperation (/Users/masynctech/Desktop/Marcel-Expense-Project/backend/node_modules/mongodb/lib/operations/execute_operation.js:207:20)\n    at async executeOperation (/Users/masynctech/Desktop/Marcel-Expense-Project/backend/node_modules/mongodb/lib/operations/execute_operation.js:75:16)\n    at async Collection.insertOne (/Users/masynctech/Desktop/Marcel-Expense-Project/backend/node_modules/mongodb/lib/collection.js:157:16)",
  "service": "database-connection"
}
2025-03-26 19:46:13 [WARN]: Disconnected from database {
  "service": "database-connection"
}
2025-03-26 19:48:29 [INFO]: Connection attempt 1 of 3 {
  "service": "database-connection"
}
2025-03-26 19:48:29 [INFO]: Connecting to database... {
  "service": "database-connection"
}
2025-03-26 19:48:29 [INFO]: Connected to database {
  "host": "localhost",
  "port": 27017,
  "database": "expense-tracker",
  "readyState": 1,
  "service": "database-connection"
}
2025-03-26 19:48:29 [INFO]: Successfully connected to database {
  "connectionTimeMs": 21,
  "mongoVersion": "8.13.0",
  "service": "database-connection"
}
2025-03-26 19:48:29 [INFO]: Initializing default data... {
  "service": "database-connection"
}
2025-03-26 19:48:30 [ERROR]: Error initializing default data {
  "error": "E11000 duplicate key error collection: expense-tracker.settings index: name_1 dup key: { name: null }",
  "stack": "MongoServerError: E11000 duplicate key error collection: expense-tracker.settings index: name_1 dup key: { name: null }\n    at InsertOneOperation.execute (/Users/masynctech/Desktop/Marcel-Expense-Project/backend/node_modules/mongodb/lib/operations/insert.js:51:19)\n    at process.processTicksAndRejections (node:internal/process/task_queues:95:5)\n    at async tryOperation (/Users/masynctech/Desktop/Marcel-Expense-Project/backend/node_modules/mongodb/lib/operations/execute_operation.js:207:20)\n    at async executeOperation (/Users/masynctech/Desktop/Marcel-Expense-Project/backend/node_modules/mongodb/lib/operations/execute_operation.js:75:16)\n    at async Collection.insertOne (/Users/masynctech/Desktop/Marcel-Expense-Project/backend/node_modules/mongodb/lib/collection.js:157:16)",
  "service": "database-connection"
}
2025-03-26 19:51:01 [INFO]: Connection attempt 1 of 3 {
  "service": "database-connection"
}
2025-03-26 19:51:01 [INFO]: Connecting to database... {
  "service": "database-connection"
}
2025-03-26 19:51:01 [INFO]: Connected to database {
  "host": "localhost",
  "port": 27017,
  "database": "expense-tracker",
  "readyState": 1,
  "service": "database-connection"
}
2025-03-26 19:51:01 [INFO]: Successfully connected to database {
  "connectionTimeMs": 24,
  "mongoVersion": "8.13.0",
  "service": "database-connection"
}
2025-03-26 19:51:01 [INFO]: Initializing default data... {
  "service": "database-connection"
}
2025-03-26 19:51:01 [ERROR]: Error initializing default data {
  "error": "E11000 duplicate key error collection: expense-tracker.settings index: name_1 dup key: { name: null }",
  "stack": "MongoServerError: E11000 duplicate key error collection: expense-tracker.settings index: name_1 dup key: { name: null }\n    at InsertOneOperation.execute (/Users/masynctech/Desktop/Marcel-Expense-Project/backend/node_modules/mongodb/lib/operations/insert.js:51:19)\n    at process.processTicksAndRejections (node:internal/process/task_queues:95:5)\n    at async tryOperation (/Users/masynctech/Desktop/Marcel-Expense-Project/backend/node_modules/mongodb/lib/operations/execute_operation.js:207:20)\n    at async executeOperation (/Users/masynctech/Desktop/Marcel-Expense-Project/backend/node_modules/mongodb/lib/operations/execute_operation.js:75:16)\n    at async Collection.insertOne (/Users/masynctech/Desktop/Marcel-Expense-Project/backend/node_modules/mongodb/lib/collection.js:157:16)",
  "service": "database-connection"
}
2025-03-26 19:51:11 [INFO]: Connection attempt 1 of 3 {
  "service": "database-connection"
}
2025-03-26 19:51:11 [INFO]: Connecting to database... {
  "service": "database-connection"
}
2025-03-26 19:51:12 [INFO]: Connected to database {
  "host": "localhost",
  "port": 27017,
  "database": "expense-tracker",
  "readyState": 1,
  "service": "database-connection"
}
2025-03-26 19:51:12 [INFO]: Successfully connected to database {
  "connectionTimeMs": 38,
  "mongoVersion": "8.13.0",
  "service": "database-connection"
}
2025-03-26 19:51:12 [INFO]: Initializing default data... {
  "service": "database-connection"
}
2025-03-26 19:51:12 [ERROR]: Error initializing default data {
  "error": "E11000 duplicate key error collection: expense-tracker.settings index: name_1 dup key: { name: null }",
  "stack": "MongoServerError: E11000 duplicate key error collection: expense-tracker.settings index: name_1 dup key: { name: null }\n    at InsertOneOperation.execute (/Users/masynctech/Desktop/Marcel-Expense-Project/backend/node_modules/mongodb/lib/operations/insert.js:51:19)\n    at process.processTicksAndRejections (node:internal/process/task_queues:95:5)\n    at async tryOperation (/Users/masynctech/Desktop/Marcel-Expense-Project/backend/node_modules/mongodb/lib/operations/execute_operation.js:207:20)\n    at async executeOperation (/Users/masynctech/Desktop/Marcel-Expense-Project/backend/node_modules/mongodb/lib/operations/execute_operation.js:75:16)\n    at async Collection.insertOne (/Users/masynctech/Desktop/Marcel-Expense-Project/backend/node_modules/mongodb/lib/collection.js:157:16)",
  "service": "database-connection"
}
2025-03-26 19:53:09 [INFO]: Connection attempt 1 of 3 {
  "service": "database-connection"
}
2025-03-26 19:53:09 [INFO]: Connecting to database... {
  "service": "database-connection"
}
2025-03-26 19:53:09 [INFO]: Connected to database {
  "host": "localhost",
  "port": 27017,
  "database": "expense-tracker",
  "readyState": 1,
  "service": "database-connection"
}
2025-03-26 19:53:09 [INFO]: Successfully connected to database {
  "connectionTimeMs": 22,
  "mongoVersion": "8.13.0",
  "service": "database-connection"
}
2025-03-26 19:53:09 [INFO]: Initializing default data... {
  "service": "database-connection"
}
2025-03-26 19:53:09 [ERROR]: Error initializing default data {
  "error": "E11000 duplicate key error collection: expense-tracker.settings index: name_1 dup key: { name: null }",
  "stack": "MongoServerError: E11000 duplicate key error collection: expense-tracker.settings index: name_1 dup key: { name: null }\n    at InsertOneOperation.execute (/Users/masynctech/Desktop/Marcel-Expense-Project/backend/node_modules/mongodb/lib/operations/insert.js:51:19)\n    at process.processTicksAndRejections (node:internal/process/task_queues:95:5)\n    at async tryOperation (/Users/masynctech/Desktop/Marcel-Expense-Project/backend/node_modules/mongodb/lib/operations/execute_operation.js:207:20)\n    at async executeOperation (/Users/masynctech/Desktop/Marcel-Expense-Project/backend/node_modules/mongodb/lib/operations/execute_operation.js:75:16)\n    at async Collection.insertOne (/Users/masynctech/Desktop/Marcel-Expense-Project/backend/node_modules/mongodb/lib/collection.js:157:16)",
  "service": "database-connection"
}
2025-03-26 20:04:46 [INFO]: Connection attempt 1 of 3 {
  "service": "database-connection"
}
2025-03-26 20:04:46 [INFO]: Connecting to database... {
  "service": "database-connection"
}
2025-03-26 20:04:46 [INFO]: Connected to database {
  "host": "localhost",
  "port": 27017,
  "database": "expense-tracker",
  "readyState": 1,
  "service": "database-connection"
}
2025-03-26 20:04:46 [INFO]: Successfully connected to database {
  "connectionTimeMs": 32,
  "mongoVersion": "8.13.0",
  "service": "database-connection"
}
2025-03-26 20:04:46 [INFO]: Initializing default data... {
  "service": "database-connection"
}
2025-03-26 20:04:46 [ERROR]: Error initializing default data {
  "error": "E11000 duplicate key error collection: expense-tracker.settings index: name_1 dup key: { name: null }",
  "stack": "MongoServerError: E11000 duplicate key error collection: expense-tracker.settings index: name_1 dup key: { name: null }\n    at InsertOneOperation.execute (/Users/masynctech/Desktop/Marcel-Expense-Project/backend/node_modules/mongodb/lib/operations/insert.js:51:19)\n    at process.processTicksAndRejections (node:internal/process/task_queues:95:5)\n    at async tryOperation (/Users/masynctech/Desktop/Marcel-Expense-Project/backend/node_modules/mongodb/lib/operations/execute_operation.js:207:20)\n    at async executeOperation (/Users/masynctech/Desktop/Marcel-Expense-Project/backend/node_modules/mongodb/lib/operations/execute_operation.js:75:16)\n    at async Collection.insertOne (/Users/masynctech/Desktop/Marcel-Expense-Project/backend/node_modules/mongodb/lib/collection.js:157:16)",
  "service": "database-connection"
}
2025-03-26 20:23:09 [INFO]: Connection attempt 1 of 3 {
  "service": "database-connection"
}
2025-03-26 20:23:09 [INFO]: Connecting to database... {
  "service": "database-connection"
}
2025-03-26 20:23:09 [INFO]: Connected to database {
  "host": "localhost",
  "port": 27017,
  "database": "expense-tracker",
  "readyState": 1,
  "service": "database-connection"
}
2025-03-26 20:23:09 [INFO]: Successfully connected to database {
  "connectionTimeMs": 36,
  "mongoVersion": "8.13.0",
  "service": "database-connection"
}
2025-03-26 20:23:09 [INFO]: Initializing default data... {
  "service": "database-connection"
}
2025-03-26 20:23:09 [ERROR]: Error initializing default data {
  "error": "E11000 duplicate key error collection: expense-tracker.settings index: name_1 dup key: { name: null }",
  "stack": "MongoServerError: E11000 duplicate key error collection: expense-tracker.settings index: name_1 dup key: { name: null }\n    at InsertOneOperation.execute (/Users/masynctech/Desktop/Marcel-Expense-Project/backend/node_modules/mongodb/lib/operations/insert.js:51:19)\n    at process.processTicksAndRejections (node:internal/process/task_queues:95:5)\n    at async tryOperation (/Users/masynctech/Desktop/Marcel-Expense-Project/backend/node_modules/mongodb/lib/operations/execute_operation.js:207:20)\n    at async executeOperation (/Users/masynctech/Desktop/Marcel-Expense-Project/backend/node_modules/mongodb/lib/operations/execute_operation.js:75:16)\n    at async Collection.insertOne (/Users/masynctech/Desktop/Marcel-Expense-Project/backend/node_modules/mongodb/lib/collection.js:157:16)",
  "service": "database-connection"
}
2025-03-26 20:26:35 [INFO]: Connection attempt 1 of 3 {
  "service": "database-connection"
}
2025-03-26 20:26:35 [INFO]: Connecting to database... {
  "service": "database-connection"
}
2025-03-26 20:26:35 [INFO]: Connected to database {
  "host": "localhost",
  "port": 27017,
  "database": "expense-tracker",
  "readyState": 1,
  "service": "database-connection"
}
2025-03-26 20:26:35 [INFO]: Successfully connected to database {
  "connectionTimeMs": 19,
  "mongoVersion": "8.13.0",
  "service": "database-connection"
}
2025-03-26 20:26:35 [INFO]: Initializing default data... {
  "service": "database-connection"
}
2025-03-26 20:26:35 [ERROR]: Error initializing default data {
  "error": "E11000 duplicate key error collection: expense-tracker.settings index: name_1 dup key: { name: null }",
  "stack": "MongoServerError: E11000 duplicate key error collection: expense-tracker.settings index: name_1 dup key: { name: null }\n    at InsertOneOperation.execute (/Users/masynctech/Desktop/Marcel-Expense-Project/backend/node_modules/mongodb/lib/operations/insert.js:51:19)\n    at process.processTicksAndRejections (node:internal/process/task_queues:95:5)\n    at async tryOperation (/Users/masynctech/Desktop/Marcel-Expense-Project/backend/node_modules/mongodb/lib/operations/execute_operation.js:207:20)\n    at async executeOperation (/Users/masynctech/Desktop/Marcel-Expense-Project/backend/node_modules/mongodb/lib/operations/execute_operation.js:75:16)\n    at async Collection.insertOne (/Users/masynctech/Desktop/Marcel-Expense-Project/backend/node_modules/mongodb/lib/collection.js:157:16)",
  "service": "database-connection"
}
2025-03-26 20:26:55 [INFO]: Connection attempt 1 of 3 {
  "service": "database-connection"
}
2025-03-26 20:26:55 [INFO]: Connecting to database... {
  "service": "database-connection"
}
2025-03-26 20:26:55 [INFO]: Connected to database {
  "host": "localhost",
  "port": 27017,
  "database": "expense-tracker",
  "readyState": 1,
  "service": "database-connection"
}
2025-03-26 20:26:55 [INFO]: Successfully connected to database {
  "connectionTimeMs": 21,
  "mongoVersion": "8.13.0",
  "service": "database-connection"
}
2025-03-26 20:26:55 [INFO]: Initializing default data... {
  "service": "database-connection"
}
2025-03-26 20:26:55 [ERROR]: Error initializing default data {
  "error": "E11000 duplicate key error collection: expense-tracker.settings index: name_1 dup key: { name: null }",
  "stack": "MongoServerError: E11000 duplicate key error collection: expense-tracker.settings index: name_1 dup key: { name: null }\n    at InsertOneOperation.execute (/Users/masynctech/Desktop/Marcel-Expense-Project/backend/node_modules/mongodb/lib/operations/insert.js:51:19)\n    at process.processTicksAndRejections (node:internal/process/task_queues:95:5)\n    at async tryOperation (/Users/masynctech/Desktop/Marcel-Expense-Project/backend/node_modules/mongodb/lib/operations/execute_operation.js:207:20)\n    at async executeOperation (/Users/masynctech/Desktop/Marcel-Expense-Project/backend/node_modules/mongodb/lib/operations/execute_operation.js:75:16)\n    at async Collection.insertOne (/Users/masynctech/Desktop/Marcel-Expense-Project/backend/node_modules/mongodb/lib/collection.js:157:16)",
  "service": "database-connection"
}
2025-03-26 20:27:20 [INFO]: Connection attempt 1 of 3 {
  "service": "database-connection"
}
2025-03-26 20:27:20 [INFO]: Connecting to database... {
  "service": "database-connection"
}
2025-03-26 20:27:20 [INFO]: Connected to database {
  "host": "localhost",
  "port": 27017,
  "database": "expense-tracker",
  "readyState": 1,
  "service": "database-connection"
}
2025-03-26 20:27:20 [INFO]: Successfully connected to database {
  "connectionTimeMs": 32,
  "mongoVersion": "8.13.0",
  "service": "database-connection"
}
2025-03-26 20:27:20 [INFO]: Initializing default data... {
  "service": "database-connection"
}
2025-03-26 20:27:20 [ERROR]: Error initializing default data {
  "error": "E11000 duplicate key error collection: expense-tracker.settings index: name_1 dup key: { name: null }",
  "stack": "MongoServerError: E11000 duplicate key error collection: expense-tracker.settings index: name_1 dup key: { name: null }\n    at InsertOneOperation.execute (/Users/masynctech/Desktop/Marcel-Expense-Project/backend/node_modules/mongodb/lib/operations/insert.js:51:19)\n    at process.processTicksAndRejections (node:internal/process/task_queues:95:5)\n    at async tryOperation (/Users/masynctech/Desktop/Marcel-Expense-Project/backend/node_modules/mongodb/lib/operations/execute_operation.js:207:20)\n    at async executeOperation (/Users/masynctech/Desktop/Marcel-Expense-Project/backend/node_modules/mongodb/lib/operations/execute_operation.js:75:16)\n    at async Collection.insertOne (/Users/masynctech/Desktop/Marcel-Expense-Project/backend/node_modules/mongodb/lib/collection.js:157:16)",
  "service": "database-connection"
}
2025-03-26 20:27:42 [INFO]: Connection attempt 1 of 3 {
  "service": "database-connection"
}
2025-03-26 20:27:42 [INFO]: Connecting to database... {
  "service": "database-connection"
}
2025-03-26 20:27:42 [INFO]: Connected to database {
  "host": "localhost",
  "port": 27017,
  "database": "expense-tracker",
  "readyState": 1,
  "service": "database-connection"
}
2025-03-26 20:27:42 [INFO]: Successfully connected to database {
  "connectionTimeMs": 32,
  "mongoVersion": "8.13.0",
  "service": "database-connection"
}
2025-03-26 20:27:42 [INFO]: Initializing default data... {
  "service": "database-connection"
}
2025-03-26 20:27:42 [ERROR]: Error initializing default data {
  "error": "E11000 duplicate key error collection: expense-tracker.settings index: name_1 dup key: { name: null }",
  "stack": "MongoServerError: E11000 duplicate key error collection: expense-tracker.settings index: name_1 dup key: { name: null }\n    at InsertOneOperation.execute (/Users/masynctech/Desktop/Marcel-Expense-Project/backend/node_modules/mongodb/lib/operations/insert.js:51:19)\n    at process.processTicksAndRejections (node:internal/process/task_queues:95:5)\n    at async tryOperation (/Users/masynctech/Desktop/Marcel-Expense-Project/backend/node_modules/mongodb/lib/operations/execute_operation.js:207:20)\n    at async executeOperation (/Users/masynctech/Desktop/Marcel-Expense-Project/backend/node_modules/mongodb/lib/operations/execute_operation.js:75:16)\n    at async Collection.insertOne (/Users/masynctech/Desktop/Marcel-Expense-Project/backend/node_modules/mongodb/lib/collection.js:157:16)",
  "service": "database-connection"
}
2025-03-26 20:34:01 [INFO]: Connection attempt 1 of 3 {
  "service": "database-connection"
}
2025-03-26 20:34:01 [INFO]: Connecting to database... {
  "service": "database-connection"
}
2025-03-26 20:34:01 [INFO]: Connected to database {
  "host": "localhost",
  "port": 27017,
  "database": "expense-tracker",
  "readyState": 1,
  "service": "database-connection"
}
2025-03-26 20:34:01 [INFO]: Successfully connected to database {
  "connectionTimeMs": 27,
  "mongoVersion": "8.13.0",
  "service": "database-connection"
}
2025-03-26 20:34:01 [INFO]: Initializing default data... {
  "service": "database-connection"
}
2025-03-26 20:34:01 [ERROR]: Error initializing default data {
  "error": "E11000 duplicate key error collection: expense-tracker.settings index: name_1 dup key: { name: null }",
  "stack": "MongoServerError: E11000 duplicate key error collection: expense-tracker.settings index: name_1 dup key: { name: null }\n    at InsertOneOperation.execute (/Users/masynctech/Desktop/Marcel-Expense-Project/backend/node_modules/mongodb/lib/operations/insert.js:51:19)\n    at process.processTicksAndRejections (node:internal/process/task_queues:95:5)\n    at async tryOperation (/Users/masynctech/Desktop/Marcel-Expense-Project/backend/node_modules/mongodb/lib/operations/execute_operation.js:207:20)\n    at async executeOperation (/Users/masynctech/Desktop/Marcel-Expense-Project/backend/node_modules/mongodb/lib/operations/execute_operation.js:75:16)\n    at async Collection.insertOne (/Users/masynctech/Desktop/Marcel-Expense-Project/backend/node_modules/mongodb/lib/collection.js:157:16)",
  "service": "database-connection"
}
2025-03-26 20:45:52 [INFO]: Connection attempt 1 of 3 {
  "service": "database-connection"
}
2025-03-26 20:45:52 [INFO]: Connecting to database... {
  "service": "database-connection"
}
2025-03-26 20:45:52 [INFO]: Connected to database {
  "host": "localhost",
  "port": 27017,
  "database": "expense-tracker",
  "readyState": 1,
  "service": "database-connection"
}
2025-03-26 20:45:52 [INFO]: Successfully connected to database {
  "connectionTimeMs": 31,
  "mongoVersion": "8.13.0",
  "service": "database-connection"
}
2025-03-26 20:45:52 [INFO]: Initializing default data... {
  "service": "database-connection"
}
2025-03-26 20:45:52 [ERROR]: Error initializing default data {
  "error": "E11000 duplicate key error collection: expense-tracker.settings index: name_1 dup key: { name: null }",
  "stack": "MongoServerError: E11000 duplicate key error collection: expense-tracker.settings index: name_1 dup key: { name: null }\n    at InsertOneOperation.execute (/Users/masynctech/Desktop/Marcel-Expense-Project/backend/node_modules/mongodb/lib/operations/insert.js:51:19)\n    at process.processTicksAndRejections (node:internal/process/task_queues:95:5)\n    at async tryOperation (/Users/masynctech/Desktop/Marcel-Expense-Project/backend/node_modules/mongodb/lib/operations/execute_operation.js:207:20)\n    at async executeOperation (/Users/masynctech/Desktop/Marcel-Expense-Project/backend/node_modules/mongodb/lib/operations/execute_operation.js:75:16)\n    at async Collection.insertOne (/Users/masynctech/Desktop/Marcel-Expense-Project/backend/node_modules/mongodb/lib/collection.js:157:16)",
  "service": "database-connection"
}
2025-03-26 20:46:20 [INFO]: Connection attempt 1 of 3 {
  "service": "database-connection"
}
2025-03-26 20:46:20 [INFO]: Connecting to database... {
  "service": "database-connection"
}
2025-03-26 20:46:20 [INFO]: Connected to database {
  "host": "localhost",
  "port": 27017,
  "database": "expense-tracker",
  "readyState": 1,
  "service": "database-connection"
}
2025-03-26 20:46:20 [INFO]: Successfully connected to database {
  "connectionTimeMs": 30,
  "mongoVersion": "8.13.0",
  "service": "database-connection"
}
2025-03-26 20:46:20 [INFO]: Initializing default data... {
  "service": "database-connection"
}
2025-03-26 20:46:20 [ERROR]: Error initializing default data {
  "error": "E11000 duplicate key error collection: expense-tracker.settings index: name_1 dup key: { name: null }",
  "stack": "MongoServerError: E11000 duplicate key error collection: expense-tracker.settings index: name_1 dup key: { name: null }\n    at InsertOneOperation.execute (/Users/masynctech/Desktop/Marcel-Expense-Project/backend/node_modules/mongodb/lib/operations/insert.js:51:19)\n    at process.processTicksAndRejections (node:internal/process/task_queues:95:5)\n    at async tryOperation (/Users/masynctech/Desktop/Marcel-Expense-Project/backend/node_modules/mongodb/lib/operations/execute_operation.js:207:20)\n    at async executeOperation (/Users/masynctech/Desktop/Marcel-Expense-Project/backend/node_modules/mongodb/lib/operations/execute_operation.js:75:16)\n    at async Collection.insertOne (/Users/masynctech/Desktop/Marcel-Expense-Project/backend/node_modules/mongodb/lib/collection.js:157:16)",
  "service": "database-connection"
}
2025-03-26 20:46:30 [INFO]: Connection attempt 1 of 3 {
  "service": "database-connection"
}
2025-03-26 20:46:30 [INFO]: Connecting to database... {
  "service": "database-connection"
}
2025-03-26 20:46:30 [INFO]: Connected to database {
  "host": "localhost",
  "port": 27017,
  "database": "expense-tracker",
  "readyState": 1,
  "service": "database-connection"
}
2025-03-26 20:46:30 [INFO]: Successfully connected to database {
  "connectionTimeMs": 30,
  "mongoVersion": "8.13.0",
  "service": "database-connection"
}
2025-03-26 20:46:30 [INFO]: Initializing default data... {
  "service": "database-connection"
}
2025-03-26 20:46:30 [ERROR]: Error initializing default data {
  "error": "E11000 duplicate key error collection: expense-tracker.settings index: name_1 dup key: { name: null }",
  "stack": "MongoServerError: E11000 duplicate key error collection: expense-tracker.settings index: name_1 dup key: { name: null }\n    at InsertOneOperation.execute (/Users/masynctech/Desktop/Marcel-Expense-Project/backend/node_modules/mongodb/lib/operations/insert.js:51:19)\n    at process.processTicksAndRejections (node:internal/process/task_queues:95:5)\n    at async tryOperation (/Users/masynctech/Desktop/Marcel-Expense-Project/backend/node_modules/mongodb/lib/operations/execute_operation.js:207:20)\n    at async executeOperation (/Users/masynctech/Desktop/Marcel-Expense-Project/backend/node_modules/mongodb/lib/operations/execute_operation.js:75:16)\n    at async Collection.insertOne (/Users/masynctech/Desktop/Marcel-Expense-Project/backend/node_modules/mongodb/lib/collection.js:157:16)",
  "service": "database-connection"
}
2025-03-26 20:47:14 [INFO]: Connection attempt 1 of 3 {
  "service": "database-connection"
}
2025-03-26 20:47:14 [INFO]: Connecting to database... {
  "service": "database-connection"
}
2025-03-26 20:47:14 [INFO]: Connected to database {
  "host": "localhost",
  "port": 27017,
  "database": "expense-tracker",
  "readyState": 1,
  "service": "database-connection"
}
2025-03-26 20:47:14 [INFO]: Successfully connected to database {
  "connectionTimeMs": 21,
  "mongoVersion": "8.13.0",
  "service": "database-connection"
}
2025-03-26 20:47:14 [INFO]: Initializing default data... {
  "service": "database-connection"
}
2025-03-26 20:47:14 [ERROR]: Error initializing default data {
  "error": "E11000 duplicate key error collection: expense-tracker.settings index: name_1 dup key: { name: null }",
  "stack": "MongoServerError: E11000 duplicate key error collection: expense-tracker.settings index: name_1 dup key: { name: null }\n    at InsertOneOperation.execute (/Users/masynctech/Desktop/Marcel-Expense-Project/backend/node_modules/mongodb/lib/operations/insert.js:51:19)\n    at process.processTicksAndRejections (node:internal/process/task_queues:95:5)\n    at async tryOperation (/Users/masynctech/Desktop/Marcel-Expense-Project/backend/node_modules/mongodb/lib/operations/execute_operation.js:207:20)\n    at async executeOperation (/Users/masynctech/Desktop/Marcel-Expense-Project/backend/node_modules/mongodb/lib/operations/execute_operation.js:75:16)\n    at async Collection.insertOne (/Users/masynctech/Desktop/Marcel-Expense-Project/backend/node_modules/mongodb/lib/collection.js:157:16)",
  "service": "database-connection"
}
2025-03-26 20:47:30 [INFO]: Connection attempt 1 of 3 {
  "service": "database-connection"
}
2025-03-26 20:47:30 [INFO]: Connecting to database... {
  "service": "database-connection"
}
2025-03-26 20:47:30 [INFO]: Connected to database {
  "host": "localhost",
  "port": 27017,
  "database": "expense-tracker",
  "readyState": 1,
  "service": "database-connection"
}
2025-03-26 20:47:30 [INFO]: Successfully connected to database {
  "connectionTimeMs": 37,
  "mongoVersion": "8.13.0",
  "service": "database-connection"
}
2025-03-26 20:47:30 [INFO]: Initializing default data... {
  "service": "database-connection"
}
2025-03-26 20:47:30 [ERROR]: Error initializing default data {
  "error": "E11000 duplicate key error collection: expense-tracker.settings index: name_1 dup key: { name: null }",
  "stack": "MongoServerError: E11000 duplicate key error collection: expense-tracker.settings index: name_1 dup key: { name: null }\n    at InsertOneOperation.execute (/Users/masynctech/Desktop/Marcel-Expense-Project/backend/node_modules/mongodb/lib/operations/insert.js:51:19)\n    at process.processTicksAndRejections (node:internal/process/task_queues:95:5)\n    at async tryOperation (/Users/masynctech/Desktop/Marcel-Expense-Project/backend/node_modules/mongodb/lib/operations/execute_operation.js:207:20)\n    at async executeOperation (/Users/masynctech/Desktop/Marcel-Expense-Project/backend/node_modules/mongodb/lib/operations/execute_operation.js:75:16)\n    at async Collection.insertOne (/Users/masynctech/Desktop/Marcel-Expense-Project/backend/node_modules/mongodb/lib/collection.js:157:16)",
  "service": "database-connection"
}
2025-03-26 20:47:38 [INFO]: Connection attempt 1 of 3 {
  "service": "database-connection"
}
2025-03-26 20:47:38 [INFO]: Connecting to database... {
  "service": "database-connection"
}
2025-03-26 20:47:38 [INFO]: Connected to database {
  "host": "localhost",
  "port": 27017,
  "database": "expense-tracker",
  "readyState": 1,
  "service": "database-connection"
}
2025-03-26 20:47:38 [INFO]: Successfully connected to database {
  "connectionTimeMs": 20,
  "mongoVersion": "8.13.0",
  "service": "database-connection"
}
2025-03-26 20:47:38 [INFO]: Initializing default data... {
  "service": "database-connection"
}
2025-03-26 20:47:38 [ERROR]: Error initializing default data {
  "error": "E11000 duplicate key error collection: expense-tracker.settings index: name_1 dup key: { name: null }",
  "stack": "MongoServerError: E11000 duplicate key error collection: expense-tracker.settings index: name_1 dup key: { name: null }\n    at InsertOneOperation.execute (/Users/masynctech/Desktop/Marcel-Expense-Project/backend/node_modules/mongodb/lib/operations/insert.js:51:19)\n    at process.processTicksAndRejections (node:internal/process/task_queues:95:5)\n    at async tryOperation (/Users/masynctech/Desktop/Marcel-Expense-Project/backend/node_modules/mongodb/lib/operations/execute_operation.js:207:20)\n    at async executeOperation (/Users/masynctech/Desktop/Marcel-Expense-Project/backend/node_modules/mongodb/lib/operations/execute_operation.js:75:16)\n    at async Collection.insertOne (/Users/masynctech/Desktop/Marcel-Expense-Project/backend/node_modules/mongodb/lib/collection.js:157:16)",
  "service": "database-connection"
}
2025-03-26 20:47:59 [INFO]: Connection attempt 1 of 3 {
  "service": "database-connection"
}
2025-03-26 20:47:59 [INFO]: Connecting to database... {
  "service": "database-connection"
}
2025-03-26 20:48:00 [INFO]: Connected to database {
  "host": "localhost",
  "port": 27017,
  "database": "expense-tracker",
  "readyState": 1,
  "service": "database-connection"
}
2025-03-26 20:48:00 [INFO]: Successfully connected to database {
  "connectionTimeMs": 29,
  "mongoVersion": "8.13.0",
  "service": "database-connection"
}
2025-03-26 20:48:00 [INFO]: Initializing default data... {
  "service": "database-connection"
}
2025-03-26 20:48:00 [ERROR]: Error initializing default data {
  "error": "E11000 duplicate key error collection: expense-tracker.settings index: name_1 dup key: { name: null }",
  "stack": "MongoServerError: E11000 duplicate key error collection: expense-tracker.settings index: name_1 dup key: { name: null }\n    at InsertOneOperation.execute (/Users/masynctech/Desktop/Marcel-Expense-Project/backend/node_modules/mongodb/lib/operations/insert.js:51:19)\n    at process.processTicksAndRejections (node:internal/process/task_queues:95:5)\n    at async tryOperation (/Users/masynctech/Desktop/Marcel-Expense-Project/backend/node_modules/mongodb/lib/operations/execute_operation.js:207:20)\n    at async executeOperation (/Users/masynctech/Desktop/Marcel-Expense-Project/backend/node_modules/mongodb/lib/operations/execute_operation.js:75:16)\n    at async Collection.insertOne (/Users/masynctech/Desktop/Marcel-Expense-Project/backend/node_modules/mongodb/lib/collection.js:157:16)",
  "service": "database-connection"
}
2025-03-26 22:04:16 [INFO]: Connection attempt 1 of 3 {
  "service": "database-connection"
}
2025-03-26 22:04:16 [INFO]: Connecting to database... {
  "service": "database-connection"
}
2025-03-26 22:04:16 [INFO]: Connected to database {
  "host": "localhost",
  "port": 27017,
  "database": "expense-tracker",
  "readyState": 1,
  "service": "database-connection"
}
2025-03-26 22:04:16 [INFO]: Successfully connected to database {
  "connectionTimeMs": 29,
  "mongoVersion": "8.13.0",
  "service": "database-connection"
}
2025-03-26 22:04:16 [INFO]: Initializing default data... {
  "service": "database-connection"
}
2025-03-26 22:04:16 [ERROR]: Error initializing default data {
  "error": "E11000 duplicate key error collection: expense-tracker.settings index: name_1 dup key: { name: null }",
  "stack": "MongoServerError: E11000 duplicate key error collection: expense-tracker.settings index: name_1 dup key: { name: null }\n    at InsertOneOperation.execute (/Users/masynctech/Desktop/Marcel-Expense-Project/backend/node_modules/mongodb/lib/operations/insert.js:51:19)\n    at process.processTicksAndRejections (node:internal/process/task_queues:95:5)\n    at async tryOperation (/Users/masynctech/Desktop/Marcel-Expense-Project/backend/node_modules/mongodb/lib/operations/execute_operation.js:207:20)\n    at async executeOperation (/Users/masynctech/Desktop/Marcel-Expense-Project/backend/node_modules/mongodb/lib/operations/execute_operation.js:75:16)\n    at async Collection.insertOne (/Users/masynctech/Desktop/Marcel-Expense-Project/backend/node_modules/mongodb/lib/collection.js:157:16)",
  "service": "database-connection"
}
2025-03-26 22:04:19 [INFO]: Connection attempt 1 of 3 {
  "service": "database-connection"
}
2025-03-26 22:04:19 [INFO]: Connecting to database... {
  "service": "database-connection"
}
2025-03-26 22:04:19 [INFO]: Connected to database {
  "host": "localhost",
  "port": 27017,
  "database": "expense-tracker",
  "readyState": 1,
  "service": "database-connection"
}
2025-03-26 22:04:19 [INFO]: Successfully connected to database {
  "connectionTimeMs": 32,
  "mongoVersion": "8.13.0",
  "service": "database-connection"
}
2025-03-26 22:04:19 [INFO]: Initializing default data... {
  "service": "database-connection"
}
2025-03-26 22:04:19 [ERROR]: Error initializing default data {
  "error": "E11000 duplicate key error collection: expense-tracker.settings index: name_1 dup key: { name: null }",
  "stack": "MongoServerError: E11000 duplicate key error collection: expense-tracker.settings index: name_1 dup key: { name: null }\n    at InsertOneOperation.execute (/Users/masynctech/Desktop/Marcel-Expense-Project/backend/node_modules/mongodb/lib/operations/insert.js:51:19)\n    at process.processTicksAndRejections (node:internal/process/task_queues:95:5)\n    at async tryOperation (/Users/masynctech/Desktop/Marcel-Expense-Project/backend/node_modules/mongodb/lib/operations/execute_operation.js:207:20)\n    at async executeOperation (/Users/masynctech/Desktop/Marcel-Expense-Project/backend/node_modules/mongodb/lib/operations/execute_operation.js:75:16)\n    at async Collection.insertOne (/Users/masynctech/Desktop/Marcel-Expense-Project/backend/node_modules/mongodb/lib/collection.js:157:16)",
  "service": "database-connection"
}
2025-03-26 22:04:27 [INFO]: Connection attempt 1 of 3 {
  "service": "database-connection"
}
2025-03-26 22:04:27 [INFO]: Connecting to database... {
  "service": "database-connection"
}
2025-03-26 22:04:27 [INFO]: Connected to database {
  "host": "localhost",
  "port": 27017,
  "database": "expense-tracker",
  "readyState": 1,
  "service": "database-connection"
}
2025-03-26 22:04:27 [INFO]: Successfully connected to database {
  "connectionTimeMs": 20,
  "mongoVersion": "8.13.0",
  "service": "database-connection"
}
2025-03-26 22:04:27 [INFO]: Initializing default data... {
  "service": "database-connection"
}
2025-03-26 22:04:27 [ERROR]: Error initializing default data {
  "error": "E11000 duplicate key error collection: expense-tracker.settings index: name_1 dup key: { name: null }",
  "stack": "MongoServerError: E11000 duplicate key error collection: expense-tracker.settings index: name_1 dup key: { name: null }\n    at InsertOneOperation.execute (/Users/masynctech/Desktop/Marcel-Expense-Project/backend/node_modules/mongodb/lib/operations/insert.js:51:19)\n    at process.processTicksAndRejections (node:internal/process/task_queues:95:5)\n    at async tryOperation (/Users/masynctech/Desktop/Marcel-Expense-Project/backend/node_modules/mongodb/lib/operations/execute_operation.js:207:20)\n    at async executeOperation (/Users/masynctech/Desktop/Marcel-Expense-Project/backend/node_modules/mongodb/lib/operations/execute_operation.js:75:16)\n    at async Collection.insertOne (/Users/masynctech/Desktop/Marcel-Expense-Project/backend/node_modules/mongodb/lib/collection.js:157:16)",
  "service": "database-connection"
}
2025-03-26 22:04:29 [INFO]: Connection attempt 1 of 3 {
  "service": "database-connection"
}
2025-03-26 22:04:29 [INFO]: Connecting to database... {
  "service": "database-connection"
}
2025-03-26 22:04:29 [INFO]: Connected to database {
  "host": "localhost",
  "port": 27017,
  "database": "expense-tracker",
  "readyState": 1,
  "service": "database-connection"
}
2025-03-26 22:04:29 [INFO]: Successfully connected to database {
  "connectionTimeMs": 20,
  "mongoVersion": "8.13.0",
  "service": "database-connection"
}
2025-03-26 22:04:29 [INFO]: Initializing default data... {
  "service": "database-connection"
}
2025-03-26 22:04:29 [ERROR]: Error initializing default data {
  "error": "E11000 duplicate key error collection: expense-tracker.settings index: name_1 dup key: { name: null }",
  "stack": "MongoServerError: E11000 duplicate key error collection: expense-tracker.settings index: name_1 dup key: { name: null }\n    at InsertOneOperation.execute (/Users/masynctech/Desktop/Marcel-Expense-Project/backend/node_modules/mongodb/lib/operations/insert.js:51:19)\n    at process.processTicksAndRejections (node:internal/process/task_queues:95:5)\n    at async tryOperation (/Users/masynctech/Desktop/Marcel-Expense-Project/backend/node_modules/mongodb/lib/operations/execute_operation.js:207:20)\n    at async executeOperation (/Users/masynctech/Desktop/Marcel-Expense-Project/backend/node_modules/mongodb/lib/operations/execute_operation.js:75:16)\n    at async Collection.insertOne (/Users/masynctech/Desktop/Marcel-Expense-Project/backend/node_modules/mongodb/lib/collection.js:157:16)",
  "service": "database-connection"
}
2025-03-26 22:04:40 [INFO]: Connection attempt 1 of 3 {
  "service": "database-connection"
}
2025-03-26 22:04:40 [INFO]: Connecting to database... {
  "service": "database-connection"
}
2025-03-26 22:04:40 [INFO]: Connected to database {
  "host": "localhost",
  "port": 27017,
  "database": "expense-tracker",
  "readyState": 1,
  "service": "database-connection"
}
2025-03-26 22:04:40 [INFO]: Successfully connected to database {
  "connectionTimeMs": 43,
  "mongoVersion": "8.13.0",
  "service": "database-connection"
}
2025-03-26 22:04:40 [INFO]: Initializing default data... {
  "service": "database-connection"
}
2025-03-26 22:04:40 [ERROR]: Error initializing default data {
  "error": "E11000 duplicate key error collection: expense-tracker.settings index: name_1 dup key: { name: null }",
  "stack": "MongoServerError: E11000 duplicate key error collection: expense-tracker.settings index: name_1 dup key: { name: null }\n    at InsertOneOperation.execute (/Users/masynctech/Desktop/Marcel-Expense-Project/backend/node_modules/mongodb/lib/operations/insert.js:51:19)\n    at process.processTicksAndRejections (node:internal/process/task_queues:95:5)\n    at async tryOperation (/Users/masynctech/Desktop/Marcel-Expense-Project/backend/node_modules/mongodb/lib/operations/execute_operation.js:207:20)\n    at async executeOperation (/Users/masynctech/Desktop/Marcel-Expense-Project/backend/node_modules/mongodb/lib/operations/execute_operation.js:75:16)\n    at async Collection.insertOne (/Users/masynctech/Desktop/Marcel-Expense-Project/backend/node_modules/mongodb/lib/collection.js:157:16)",
  "service": "database-connection"
}
