2025-03-29 06:11:30 [INFO]: Connection attempt 1 of 3 {
  "service": "database-connection"
}
2025-03-29 06:11:30 [INFO]: Connecting to database... {
  "service": "database-connection"
}
2025-03-29 06:11:30 [INFO]: Connected to database {
  "host": "localhost",
  "port": 27017,
  "database": "expense-tracker",
  "readyState": 1,
  "service": "database-connection"
}
2025-03-29 06:11:30 [INFO]: Successfully connected to database {
  "connectionTimeMs": 618,
  "mongoVersion": "8.13.0",
  "service": "database-connection"
}
2025-03-29 06:11:30 [INFO]: Initializing default data... {
  "service": "database-connection"
}
2025-03-29 06:11:31 [INFO]: Default data initialization complete {
  "service": "database-connection"
}
